2020-11-11 16:25:58,988 - root - INFO - Running experiment it: - 0
2020-11-11 16:25:59,066 - root - INFO -  Performing simulation: 0 
2020-11-11 16:25:59,135 - root - INFO - Activating Custom process - number 0 
2020-11-11 16:25:59,137 - root - INFO - Moving Service 0_01 from 0 to 23 node
2020-11-11 16:25:59,139 - root - INFO - Moving Service 1_01 from 0 to 26 node
2020-11-11 16:25:59,140 - root - INFO - Moving Service 2_01 from 0 to 2 node
2020-11-11 16:25:59,141 - root - INFO - Moving Service 3_01 from 0 to 16 node
2020-11-11 16:25:59,142 - root - INFO - Moving Service 4_01 from 0 to 31 node
2020-11-11 16:25:59,144 - root - INFO - Moving Service 5_01 from 0 to 25 node
2020-11-11 16:25:59,145 - root - INFO - Moving Service 6_01 from 0 to 20 node
2020-11-11 16:25:59,165 - root - INFO - Activating Custom process - number 1 
2020-11-11 16:25:59,167 - root - INFO - Moving Service 2_01 from 2 to 30 node
2020-11-11 16:25:59,168 - root - INFO - Moving Service 3_01 from 16 to 21 node
2020-11-11 16:25:59,170 - root - INFO - Moving Service 6_01 from 20 to 13 node
2020-11-11 16:25:59,170 - root - INFO - Moving Service 0_01 from 23 to 8 node
2020-11-11 16:25:59,172 - root - INFO - Moving Service 5_01 from 25 to 18 node
2020-11-11 16:25:59,172 - root - INFO - Moving Service 1_01 from 26 to 8 node
2020-11-11 16:25:59,174 - root - INFO - Moving Service 4_01 from 31 to 6 node
2020-11-11 16:25:59,190 - root - INFO - Activating Custom process - number 2 
2020-11-11 16:25:59,191 - root - INFO - Moving Service 4_01 from 6 to 16 node
2020-11-11 16:25:59,193 - root - INFO - Moving Service 0_01 from 8 to 9 node
2020-11-11 16:25:59,196 - root - INFO - Moving Service 1_01 from 8 to 20 node
2020-11-11 16:25:59,196 - root - INFO - Moving Service 6_01 from 13 to 6 node
2020-11-11 16:25:59,197 - root - INFO - Moving Service 5_01 from 18 to 4 node
2020-11-11 16:25:59,199 - root - INFO - Moving Service 3_01 from 21 to 19 node
2020-11-11 16:25:59,226 - root - INFO - Activating Custom process - number 3 
2020-11-11 16:25:59,228 - root - INFO - Moving Service 5_01 from 4 to 6 node
2020-11-11 16:25:59,231 - root - INFO - Moving Service 6_01 from 6 to 21 node
2020-11-11 16:25:59,232 - root - INFO - Moving Service 0_01 from 9 to 28 node
2020-11-11 16:25:59,233 - root - INFO - Moving Service 4_01 from 16 to 24 node
2020-11-11 16:25:59,234 - root - INFO - Moving Service 1_01 from 20 to 13 node
2020-11-11 16:25:59,235 - root - INFO - Moving Service 3_01 from 19 to 30 node
2020-11-11 16:25:59,238 - root - INFO - Moving Service 2_01 from 30 to 27 node
2020-11-11 16:25:59,260 - root - INFO - Activating Custom process - number 4 
2020-11-11 16:25:59,261 - root - INFO - Moving Service 5_01 from 6 to 16 node
2020-11-11 16:25:59,263 - root - INFO - Moving Service 1_01 from 13 to 3 node
2020-11-11 16:25:59,264 - root - INFO - Moving Service 4_01 from 24 to 0 node
2020-11-11 16:25:59,265 - root - INFO - Moving Service 6_01 from 21 to 5 node
2020-11-11 16:25:59,266 - root - INFO - Moving Service 0_01 from 28 to 25 node
2020-11-11 16:25:59,267 - root - INFO - Moving Service 2_01 from 27 to 0 node
2020-11-11 16:25:59,268 - root - INFO - Moving Service 3_01 from 30 to 31 node
2020-11-11 16:25:59,288 - root - INFO - Activating Custom process - number 5 
2020-11-11 16:25:59,289 - root - INFO - Moving Service 2_01 from 0 to 19 node
2020-11-11 16:25:59,290 - root - INFO - Moving Service 4_01 from 0 to 15 node
2020-11-11 16:25:59,291 - root - INFO - Moving Service 1_01 from 3 to 24 node
2020-11-11 16:25:59,291 - root - INFO - Moving Service 6_01 from 5 to 4 node
2020-11-11 16:25:59,292 - root - INFO - Moving Service 5_01 from 16 to 11 node
2020-11-11 16:25:59,294 - root - INFO - Moving Service 0_01 from 25 to 14 node
2020-11-11 16:25:59,295 - root - INFO - Moving Service 3_01 from 31 to 15 node
2020-11-11 16:25:59,313 - root - INFO - Activating Custom process - number 6 
2020-11-11 16:25:59,315 - root - INFO - Moving Service 6_01 from 4 to 9 node
2020-11-11 16:25:59,317 - root - INFO - Moving Service 5_01 from 11 to 27 node
2020-11-11 16:25:59,318 - root - INFO - Moving Service 0_01 from 14 to 5 node
2020-11-11 16:25:59,319 - root - INFO - Moving Service 3_01 from 15 to 5 node
2020-11-11 16:25:59,322 - root - INFO - Moving Service 4_01 from 15 to 24 node
2020-11-11 16:25:59,323 - root - INFO - Moving Service 1_01 from 24 to 31 node
2020-11-11 16:25:59,324 - root - INFO - Moving Service 2_01 from 19 to 6 node
2020-11-11 16:25:59,341 - root - INFO - Activating Custom process - number 7 
2020-11-11 16:25:59,342 - root - INFO - Moving Service 0_01 from 5 to 20 node
2020-11-11 16:25:59,344 - root - INFO - Moving Service 3_01 from 5 to 18 node
2020-11-11 16:25:59,345 - root - INFO - Moving Service 2_01 from 6 to 7 node
2020-11-11 16:25:59,347 - root - INFO - Moving Service 6_01 from 9 to 19 node
2020-11-11 16:25:59,351 - root - INFO - Moving Service 4_01 from 24 to 13 node
2020-11-11 16:25:59,353 - root - INFO - Moving Service 5_01 from 27 to 18 node
2020-11-11 16:25:59,354 - root - INFO - Moving Service 1_01 from 31 to 27 node
2020-11-11 16:25:59,373 - root - INFO - Activating Custom process - number 8 
2020-11-11 16:25:59,374 - root - INFO - Moving Service 2_01 from 7 to 5 node
2020-11-11 16:25:59,377 - root - INFO - Moving Service 4_01 from 13 to 23 node
2020-11-11 16:25:59,379 - root - INFO - Moving Service 3_01 from 18 to 24 node
2020-11-11 16:25:59,380 - root - INFO - Moving Service 5_01 from 18 to 15 node
2020-11-11 16:25:59,382 - root - INFO - Moving Service 0_01 from 20 to 18 node
2020-11-11 16:25:59,382 - root - INFO - Moving Service 6_01 from 19 to 12 node
2020-11-11 16:25:59,384 - root - INFO - Moving Service 1_01 from 27 to 11 node
2020-11-11 16:25:59,402 - root - INFO - Activating Custom process - number 9 
2020-11-11 16:25:59,404 - root - INFO - Moving Service 2_01 from 5 to 12 node
2020-11-11 16:25:59,405 - root - INFO - Moving Service 6_01 from 12 to 2 node
2020-11-11 16:25:59,406 - root - INFO - Moving Service 1_01 from 11 to 16 node
2020-11-11 16:25:59,408 - root - INFO - Moving Service 5_01 from 15 to 30 node
2020-11-11 16:25:59,409 - root - INFO - Moving Service 0_01 from 18 to 4 node
2020-11-11 16:25:59,410 - root - INFO - Moving Service 3_01 from 24 to 5 node
2020-11-11 16:25:59,411 - root - INFO - Moving Service 4_01 from 23 to 8 node
2020-11-11 16:25:59,424 - root - INFO - Activating Custom process - number 10 
2020-11-11 16:25:59,425 - root - INFO - Moving Service 6_01 from 2 to 9 node
2020-11-11 16:25:59,426 - root - INFO - Moving Service 0_01 from 4 to 2 node
2020-11-11 16:25:59,427 - root - INFO - Moving Service 4_01 from 8 to 25 node
2020-11-11 16:25:59,428 - root - INFO - Moving Service 2_01 from 12 to 17 node
2020-11-11 16:25:59,429 - root - INFO - Moving Service 1_01 from 16 to 15 node
2020-11-11 16:25:59,430 - root - INFO - Moving Service 5_01 from 30 to 13 node
2020-11-11 16:25:59,448 - root - INFO - Activating Custom process - number 11 
2020-11-11 16:25:59,449 - root - INFO - Moving Service 0_01 from 2 to 26 node
2020-11-11 16:25:59,450 - root - INFO - Moving Service 3_01 from 5 to 17 node
2020-11-11 16:25:59,452 - root - INFO - Moving Service 6_01 from 9 to 27 node
2020-11-11 16:25:59,453 - root - INFO - Moving Service 5_01 from 13 to 31 node
2020-11-11 16:25:59,454 - root - INFO - Moving Service 1_01 from 15 to 21 node
2020-11-11 16:25:59,455 - root - INFO - Moving Service 2_01 from 17 to 5 node
2020-11-11 16:25:59,456 - root - INFO - Moving Service 4_01 from 25 to 24 node
2020-11-11 16:25:59,475 - root - INFO - Activating Custom process - number 12 
2020-11-11 16:25:59,476 - root - INFO - Moving Service 2_01 from 5 to 7 node
2020-11-11 16:25:59,478 - root - INFO - Moving Service 3_01 from 17 to 31 node
2020-11-11 16:25:59,479 - root - INFO - Moving Service 4_01 from 24 to 19 node
2020-11-11 16:25:59,480 - root - INFO - Moving Service 1_01 from 21 to 11 node
2020-11-11 16:25:59,482 - root - INFO - Moving Service 0_01 from 26 to 15 node
2020-11-11 16:25:59,484 - root - INFO - Moving Service 6_01 from 27 to 1 node
2020-11-11 16:25:59,485 - root - INFO - Moving Service 5_01 from 31 to 17 node
2020-11-11 16:25:59,515 - root - INFO - Activating Custom process - number 13 
2020-11-11 16:25:59,518 - root - INFO - Moving Service 6_01 from 1 to 7 node
2020-11-11 16:25:59,520 - root - INFO - Moving Service 2_01 from 7 to 14 node
2020-11-11 16:25:59,521 - root - INFO - Moving Service 1_01 from 11 to 22 node
2020-11-11 16:25:59,521 - root - INFO - Moving Service 0_01 from 15 to 10 node
2020-11-11 16:25:59,523 - root - INFO - Moving Service 5_01 from 17 to 19 node
2020-11-11 16:25:59,525 - root - INFO - Moving Service 4_01 from 19 to 28 node
2020-11-11 16:25:59,527 - root - INFO - Moving Service 3_01 from 31 to 3 node
2020-11-11 16:25:59,544 - root - INFO - Activating Custom process - number 14 
2020-11-11 16:25:59,546 - root - INFO - Moving Service 3_01 from 3 to 6 node
2020-11-11 16:25:59,547 - root - INFO - Moving Service 6_01 from 7 to 9 node
2020-11-11 16:25:59,548 - root - INFO - Moving Service 0_01 from 10 to 14 node
2020-11-11 16:25:59,549 - root - INFO - Moving Service 2_01 from 14 to 2 node
2020-11-11 16:25:59,550 - root - INFO - Moving Service 5_01 from 19 to 4 node
2020-11-11 16:25:59,551 - root - INFO - Moving Service 1_01 from 22 to 1 node
2020-11-11 16:25:59,552 - root - INFO - Moving Service 4_01 from 28 to 7 node
2020-11-12 08:08:01,027 - root - INFO - Running experiment it: - 0
2020-11-12 08:08:01,067 - root - INFO -  Performing simulation: 0 
2020-11-12 08:08:01,132 - root - INFO - Activating Custom process - number 0 
2020-11-12 08:08:01,134 - root - INFO - Moving Service 0_01 from 0 to 23 node
2020-11-12 08:08:01,136 - root - INFO - Moving Service 1_01 from 0 to 26 node
2020-11-12 08:08:01,137 - root - INFO - Moving Service 2_01 from 0 to 2 node
2020-11-12 08:08:01,139 - root - INFO - Moving Service 3_01 from 0 to 16 node
2020-11-12 08:08:01,140 - root - INFO - Moving Service 4_01 from 0 to 31 node
2020-11-12 08:08:01,141 - root - INFO - Moving Service 5_01 from 0 to 25 node
2020-11-12 08:08:01,142 - root - INFO - Moving Service 6_01 from 0 to 20 node
2020-11-12 08:08:01,161 - root - INFO - Activating Custom process - number 1 
2020-11-12 08:08:01,163 - root - INFO - Moving Service 2_01 from 2 to 30 node
2020-11-12 08:08:01,165 - root - INFO - Moving Service 3_01 from 16 to 21 node
2020-11-12 08:08:01,167 - root - INFO - Moving Service 6_01 from 20 to 13 node
2020-11-12 08:08:01,170 - root - INFO - Moving Service 0_01 from 23 to 8 node
2020-11-12 08:08:01,171 - root - INFO - Moving Service 5_01 from 25 to 18 node
2020-11-12 08:08:01,171 - root - INFO - Moving Service 1_01 from 26 to 8 node
2020-11-12 08:08:01,172 - root - INFO - Moving Service 4_01 from 31 to 6 node
2020-11-12 08:08:01,192 - root - INFO - Activating Custom process - number 2 
2020-11-12 08:08:01,194 - root - INFO - Moving Service 4_01 from 6 to 16 node
2020-11-12 08:08:01,196 - root - INFO - Moving Service 0_01 from 8 to 9 node
2020-11-12 08:08:01,197 - root - INFO - Moving Service 1_01 from 8 to 20 node
2020-11-12 08:08:01,198 - root - INFO - Moving Service 6_01 from 13 to 6 node
2020-11-12 08:08:01,199 - root - INFO - Moving Service 5_01 from 18 to 4 node
2020-11-12 08:08:01,200 - root - INFO - Moving Service 3_01 from 21 to 19 node
2020-11-12 08:08:01,220 - root - INFO - Activating Custom process - number 3 
2020-11-12 08:08:01,222 - root - INFO - Moving Service 5_01 from 4 to 6 node
2020-11-12 08:08:01,226 - root - INFO - Moving Service 6_01 from 6 to 21 node
2020-11-12 08:08:01,227 - root - INFO - Moving Service 0_01 from 9 to 28 node
2020-11-12 08:08:01,229 - root - INFO - Moving Service 4_01 from 16 to 24 node
2020-11-12 08:08:01,230 - root - INFO - Moving Service 1_01 from 20 to 13 node
2020-11-12 08:08:01,232 - root - INFO - Moving Service 3_01 from 19 to 30 node
2020-11-12 08:08:01,234 - root - INFO - Moving Service 2_01 from 30 to 27 node
2020-11-12 08:08:01,256 - root - INFO - Activating Custom process - number 4 
2020-11-12 08:08:01,258 - root - INFO - Moving Service 5_01 from 6 to 16 node
2020-11-12 08:08:01,259 - root - INFO - Moving Service 1_01 from 13 to 3 node
2020-11-12 08:08:01,261 - root - INFO - Moving Service 4_01 from 24 to 0 node
2020-11-12 08:08:01,263 - root - INFO - Moving Service 6_01 from 21 to 5 node
2020-11-12 08:08:01,264 - root - INFO - Moving Service 0_01 from 28 to 25 node
2020-11-12 08:08:01,265 - root - INFO - Moving Service 2_01 from 27 to 0 node
2020-11-12 08:08:01,265 - root - INFO - Moving Service 3_01 from 30 to 31 node
2020-11-12 08:08:01,282 - root - INFO - Activating Custom process - number 5 
2020-11-12 08:08:01,284 - root - INFO - Moving Service 2_01 from 0 to 19 node
2020-11-12 08:08:01,285 - root - INFO - Moving Service 4_01 from 0 to 15 node
2020-11-12 08:08:01,286 - root - INFO - Moving Service 1_01 from 3 to 24 node
2020-11-12 08:08:01,287 - root - INFO - Moving Service 6_01 from 5 to 4 node
2020-11-12 08:08:01,288 - root - INFO - Moving Service 5_01 from 16 to 11 node
2020-11-12 08:08:01,290 - root - INFO - Moving Service 0_01 from 25 to 14 node
2020-11-12 08:08:01,290 - root - INFO - Moving Service 3_01 from 31 to 15 node
2020-11-12 08:08:01,313 - root - INFO - Activating Custom process - number 6 
2020-11-12 08:08:01,315 - root - INFO - Moving Service 6_01 from 4 to 9 node
2020-11-12 08:08:01,316 - root - INFO - Moving Service 5_01 from 11 to 27 node
2020-11-12 08:08:01,317 - root - INFO - Moving Service 0_01 from 14 to 5 node
2020-11-12 08:08:01,318 - root - INFO - Moving Service 3_01 from 15 to 5 node
2020-11-12 08:08:01,319 - root - INFO - Moving Service 4_01 from 15 to 24 node
2020-11-12 08:08:01,320 - root - INFO - Moving Service 1_01 from 24 to 31 node
2020-11-12 08:08:01,321 - root - INFO - Moving Service 2_01 from 19 to 6 node
2020-11-12 08:08:01,348 - root - INFO - Activating Custom process - number 7 
2020-11-12 08:08:01,350 - root - INFO - Moving Service 0_01 from 5 to 20 node
2020-11-12 08:08:01,351 - root - INFO - Moving Service 3_01 from 5 to 18 node
2020-11-12 08:08:01,352 - root - INFO - Moving Service 2_01 from 6 to 7 node
2020-11-12 08:08:01,355 - root - INFO - Moving Service 6_01 from 9 to 19 node
2020-11-12 08:08:01,356 - root - INFO - Moving Service 4_01 from 24 to 13 node
2020-11-12 08:08:01,359 - root - INFO - Moving Service 5_01 from 27 to 18 node
2020-11-12 08:08:01,360 - root - INFO - Moving Service 1_01 from 31 to 27 node
2020-11-12 08:08:01,380 - root - INFO - Activating Custom process - number 8 
2020-11-12 08:08:01,382 - root - INFO - Moving Service 2_01 from 7 to 5 node
2020-11-12 08:08:01,384 - root - INFO - Moving Service 4_01 from 13 to 23 node
2020-11-12 08:08:01,385 - root - INFO - Moving Service 3_01 from 18 to 24 node
2020-11-12 08:08:01,386 - root - INFO - Moving Service 5_01 from 18 to 15 node
2020-11-12 08:08:01,387 - root - INFO - Moving Service 0_01 from 20 to 18 node
2020-11-12 08:08:01,389 - root - INFO - Moving Service 6_01 from 19 to 12 node
2020-11-12 08:08:01,390 - root - INFO - Moving Service 1_01 from 27 to 11 node
2020-11-12 08:08:01,405 - root - INFO - Activating Custom process - number 9 
2020-11-12 08:08:01,407 - root - INFO - Moving Service 2_01 from 5 to 12 node
2020-11-12 08:08:01,409 - root - INFO - Moving Service 6_01 from 12 to 2 node
2020-11-12 08:08:01,410 - root - INFO - Moving Service 1_01 from 11 to 16 node
2020-11-12 08:08:01,412 - root - INFO - Moving Service 5_01 from 15 to 30 node
2020-11-12 08:08:01,413 - root - INFO - Moving Service 0_01 from 18 to 4 node
2020-11-12 08:08:01,415 - root - INFO - Moving Service 3_01 from 24 to 5 node
2020-11-12 08:08:01,416 - root - INFO - Moving Service 4_01 from 23 to 8 node
2020-11-12 08:08:01,434 - root - INFO - Activating Custom process - number 10 
2020-11-12 08:08:01,438 - root - INFO - Moving Service 6_01 from 2 to 9 node
2020-11-12 08:08:01,439 - root - INFO - Moving Service 0_01 from 4 to 2 node
2020-11-12 08:08:01,440 - root - INFO - Moving Service 4_01 from 8 to 25 node
2020-11-12 08:08:01,441 - root - INFO - Moving Service 2_01 from 12 to 17 node
2020-11-12 08:08:01,443 - root - INFO - Moving Service 1_01 from 16 to 15 node
2020-11-12 08:08:01,444 - root - INFO - Moving Service 5_01 from 30 to 13 node
2020-11-12 08:08:01,461 - root - INFO - Activating Custom process - number 11 
2020-11-12 08:08:01,462 - root - INFO - Moving Service 0_01 from 2 to 26 node
2020-11-12 08:08:01,463 - root - INFO - Moving Service 3_01 from 5 to 17 node
2020-11-12 08:08:01,464 - root - INFO - Moving Service 6_01 from 9 to 27 node
2020-11-12 08:08:01,465 - root - INFO - Moving Service 5_01 from 13 to 31 node
2020-11-12 08:08:01,466 - root - INFO - Moving Service 1_01 from 15 to 21 node
2020-11-12 08:08:01,467 - root - INFO - Moving Service 2_01 from 17 to 5 node
2020-11-12 08:08:01,468 - root - INFO - Moving Service 4_01 from 25 to 24 node
2020-11-12 08:08:01,486 - root - INFO - Activating Custom process - number 12 
2020-11-12 08:08:01,489 - root - INFO - Moving Service 2_01 from 5 to 7 node
2020-11-12 08:08:01,491 - root - INFO - Moving Service 3_01 from 17 to 31 node
2020-11-12 08:08:01,492 - root - INFO - Moving Service 4_01 from 24 to 19 node
2020-11-12 08:08:01,493 - root - INFO - Moving Service 1_01 from 21 to 11 node
2020-11-12 08:08:01,494 - root - INFO - Moving Service 0_01 from 26 to 15 node
2020-11-12 08:08:01,495 - root - INFO - Moving Service 6_01 from 27 to 1 node
2020-11-12 08:08:01,498 - root - INFO - Moving Service 5_01 from 31 to 17 node
2020-11-12 08:08:01,523 - root - INFO - Activating Custom process - number 13 
2020-11-12 08:08:01,526 - root - INFO - Moving Service 6_01 from 1 to 7 node
2020-11-12 08:08:01,527 - root - INFO - Moving Service 2_01 from 7 to 14 node
2020-11-12 08:08:01,528 - root - INFO - Moving Service 1_01 from 11 to 22 node
2020-11-12 08:08:01,530 - root - INFO - Moving Service 0_01 from 15 to 10 node
2020-11-12 08:08:01,532 - root - INFO - Moving Service 5_01 from 17 to 19 node
2020-11-12 08:08:01,533 - root - INFO - Moving Service 4_01 from 19 to 28 node
2020-11-12 08:08:01,534 - root - INFO - Moving Service 3_01 from 31 to 3 node
2020-11-12 08:08:01,552 - root - INFO - Activating Custom process - number 14 
2020-11-12 08:08:01,553 - root - INFO - Moving Service 3_01 from 3 to 6 node
2020-11-12 08:08:01,555 - root - INFO - Moving Service 6_01 from 7 to 9 node
2020-11-12 08:08:01,557 - root - INFO - Moving Service 0_01 from 10 to 14 node
2020-11-12 08:08:01,558 - root - INFO - Moving Service 2_01 from 14 to 2 node
2020-11-12 08:08:01,559 - root - INFO - Moving Service 5_01 from 19 to 4 node
2020-11-12 08:08:01,562 - root - INFO - Moving Service 1_01 from 22 to 1 node
2020-11-12 08:08:01,563 - root - INFO - Moving Service 4_01 from 28 to 7 node
2020-11-23 09:53:52,697 - root - INFO - Running experiment it: - 0
2020-11-23 22:34:53,811 - root - INFO - Running experiment it: - 0
2020-11-23 22:36:10,296 - root - INFO - Running experiment it: - 0
2020-11-24 18:53:07,260 - root - INFO - Running experiment it: - 0
2020-11-24 18:53:07,301 - root - INFO -  Performing simulation: 0
2020-11-24 18:53:07,447 - root - INFO - Activating Custom Process - number 0
2020-11-24 18:53:07,449 - root - INFO - Moving Service 0_01 from0 to f23 node
2020-11-24 18:53:07,451 - root - INFO - Moving Service 1_01 from0 to f26 node
2020-11-24 18:53:07,454 - root - INFO - Moving Service 2_01 from0 to f2 node
2020-11-24 18:53:07,456 - root - INFO - Moving Service 3_01 from0 to f16 node
2020-11-24 18:53:07,458 - root - INFO - Moving Service 4_01 from0 to f31 node
2020-11-24 18:53:07,461 - root - INFO - Moving Service 5_01 from0 to f25 node
2020-11-24 18:53:07,462 - root - INFO - Moving Service 6_01 from0 to f20 node
2020-11-24 18:53:07,479 - root - INFO - Activating Custom Process - number 1
2020-11-24 18:53:07,481 - root - INFO - Moving Service 2_01 from2 to f30 node
2020-11-24 18:53:07,482 - root - INFO - Moving Service 3_01 from16 to f21 node
2020-11-24 18:53:07,484 - root - INFO - Moving Service 6_01 from20 to f13 node
2020-11-24 18:53:07,486 - root - INFO - Moving Service 0_01 from23 to f8 node
2020-11-24 18:53:07,491 - root - INFO - Moving Service 5_01 from25 to f18 node
2020-11-24 18:53:07,493 - root - INFO - Moving Service 1_01 from26 to f8 node
2020-11-24 18:53:07,494 - root - INFO - Moving Service 4_01 from31 to f6 node
2020-11-24 18:53:07,528 - root - INFO - Activating Custom Process - number 2
2020-11-24 18:53:07,530 - root - INFO - Moving Service 4_01 from6 to f16 node
2020-11-24 18:53:07,532 - root - INFO - Moving Service 0_01 from8 to f9 node
2020-11-24 18:53:07,533 - root - INFO - Moving Service 1_01 from8 to f20 node
2020-11-24 18:53:07,534 - root - INFO - Moving Service 6_01 from13 to f6 node
2020-11-24 18:53:07,535 - root - INFO - Moving Service 5_01 from18 to f4 node
2020-11-24 18:53:07,536 - root - INFO - Moving Service 3_01 from21 to f19 node
2020-11-24 18:53:07,557 - root - INFO - Activating Custom Process - number 3
2020-11-24 18:53:07,560 - root - INFO - Moving Service 5_01 from4 to f6 node
2020-11-24 18:53:07,560 - root - INFO - Moving Service 6_01 from6 to f21 node
2020-11-24 18:53:07,561 - root - INFO - Moving Service 0_01 from9 to f28 node
2020-11-24 18:53:07,565 - root - INFO - Moving Service 4_01 from16 to f24 node
2020-11-24 18:53:07,568 - root - INFO - Moving Service 1_01 from20 to f13 node
2020-11-24 18:53:07,570 - root - INFO - Moving Service 3_01 from19 to f30 node
2020-11-24 18:53:07,573 - root - INFO - Moving Service 2_01 from30 to f27 node
2020-11-24 18:53:07,612 - root - INFO - Activating Custom Process - number 4
2020-11-24 18:53:07,614 - root - INFO - Moving Service 5_01 from6 to f16 node
2020-11-24 18:53:07,615 - root - INFO - Moving Service 1_01 from13 to f3 node
2020-11-24 18:53:07,618 - root - INFO - Moving Service 4_01 from24 to f0 node
2020-11-24 18:53:07,620 - root - INFO - Moving Service 6_01 from21 to f5 node
2020-11-24 18:53:07,622 - root - INFO - Moving Service 0_01 from28 to f25 node
2020-11-24 18:53:07,623 - root - INFO - Moving Service 2_01 from27 to f0 node
2020-11-24 18:53:07,624 - root - INFO - Moving Service 3_01 from30 to f31 node
2020-11-24 18:53:07,643 - root - INFO - Activating Custom Process - number 5
2020-11-24 18:53:07,645 - root - INFO - Moving Service 2_01 from0 to f19 node
2020-11-24 18:53:07,647 - root - INFO - Moving Service 4_01 from0 to f15 node
2020-11-24 18:53:07,649 - root - INFO - Moving Service 1_01 from3 to f24 node
2020-11-24 18:53:07,651 - root - INFO - Moving Service 6_01 from5 to f4 node
2020-11-24 18:53:07,653 - root - INFO - Moving Service 5_01 from16 to f11 node
2020-11-24 18:53:07,655 - root - INFO - Moving Service 0_01 from25 to f14 node
2020-11-24 18:53:07,656 - root - INFO - Moving Service 3_01 from31 to f15 node
2020-11-24 18:53:07,676 - root - INFO - Activating Custom Process - number 6
2020-11-24 18:53:07,678 - root - INFO - Moving Service 6_01 from4 to f9 node
2020-11-24 18:53:07,680 - root - INFO - Moving Service 5_01 from11 to f27 node
2020-11-24 18:53:07,685 - root - INFO - Moving Service 0_01 from14 to f5 node
2020-11-24 18:53:07,687 - root - INFO - Moving Service 3_01 from15 to f5 node
2020-11-24 18:53:07,689 - root - INFO - Moving Service 4_01 from15 to f24 node
2020-11-24 18:53:07,691 - root - INFO - Moving Service 1_01 from24 to f31 node
2020-11-24 18:53:07,693 - root - INFO - Moving Service 2_01 from19 to f6 node
2020-11-24 18:53:07,725 - root - INFO - Activating Custom Process - number 7
2020-11-24 18:53:07,728 - root - INFO - Moving Service 0_01 from5 to f20 node
2020-11-24 18:53:07,734 - root - INFO - Moving Service 3_01 from5 to f18 node
2020-11-24 18:53:07,737 - root - INFO - Moving Service 2_01 from6 to f7 node
2020-11-24 18:53:07,740 - root - INFO - Moving Service 6_01 from9 to f19 node
2020-11-24 18:53:07,745 - root - INFO - Moving Service 4_01 from24 to f13 node
2020-11-24 18:53:07,747 - root - INFO - Moving Service 5_01 from27 to f18 node
2020-11-24 18:53:07,749 - root - INFO - Moving Service 1_01 from31 to f27 node
2020-11-24 18:53:07,804 - root - INFO - Activating Custom Process - number 8
2020-11-24 18:53:07,807 - root - INFO - Moving Service 2_01 from7 to f5 node
2020-11-24 18:53:07,810 - root - INFO - Moving Service 4_01 from13 to f23 node
2020-11-24 18:53:07,815 - root - INFO - Moving Service 3_01 from18 to f24 node
2020-11-24 18:53:07,817 - root - INFO - Moving Service 5_01 from18 to f15 node
2020-11-24 18:53:07,819 - root - INFO - Moving Service 0_01 from20 to f18 node
2020-11-24 18:53:07,821 - root - INFO - Moving Service 6_01 from19 to f12 node
2020-11-24 18:53:07,823 - root - INFO - Moving Service 1_01 from27 to f11 node
2020-11-24 18:53:07,862 - root - INFO - Activating Custom Process - number 9
2020-11-24 18:53:07,865 - root - INFO - Moving Service 2_01 from5 to f12 node
2020-11-24 18:53:07,866 - root - INFO - Moving Service 6_01 from12 to f2 node
2020-11-24 18:53:07,870 - root - INFO - Moving Service 1_01 from11 to f16 node
2020-11-24 18:53:07,873 - root - INFO - Moving Service 5_01 from15 to f30 node
2020-11-24 18:53:07,875 - root - INFO - Moving Service 0_01 from18 to f4 node
2020-11-24 18:53:07,876 - root - INFO - Moving Service 3_01 from24 to f5 node
2020-11-24 18:53:07,879 - root - INFO - Moving Service 4_01 from23 to f8 node
2020-11-24 18:53:07,912 - root - INFO - Activating Custom Process - number 10
2020-11-24 18:53:07,915 - root - INFO - Moving Service 6_01 from2 to f9 node
2020-11-24 18:53:07,919 - root - INFO - Moving Service 0_01 from4 to f2 node
2020-11-24 18:53:07,925 - root - INFO - Moving Service 4_01 from8 to f25 node
2020-11-24 18:53:07,931 - root - INFO - Moving Service 2_01 from12 to f17 node
2020-11-24 18:53:07,937 - root - INFO - Moving Service 1_01 from16 to f15 node
2020-11-24 18:53:07,939 - root - INFO - Moving Service 5_01 from30 to f13 node
2020-11-24 18:53:07,956 - root - INFO - Activating Custom Process - number 11
2020-11-24 18:53:07,958 - root - INFO - Moving Service 0_01 from2 to f26 node
2020-11-24 18:53:07,961 - root - INFO - Moving Service 3_01 from5 to f17 node
2020-11-24 18:53:07,963 - root - INFO - Moving Service 6_01 from9 to f27 node
2020-11-24 18:53:07,966 - root - INFO - Moving Service 5_01 from13 to f31 node
2020-11-24 18:53:07,969 - root - INFO - Moving Service 1_01 from15 to f21 node
2020-11-24 18:53:07,976 - root - INFO - Moving Service 2_01 from17 to f5 node
2020-11-24 18:53:07,978 - root - INFO - Moving Service 4_01 from25 to f24 node
2020-11-24 18:53:08,035 - root - INFO - Activating Custom Process - number 12
2020-11-24 18:53:08,039 - root - INFO - Moving Service 2_01 from5 to f7 node
2020-11-24 18:53:08,041 - root - INFO - Moving Service 3_01 from17 to f31 node
2020-11-24 18:53:08,043 - root - INFO - Moving Service 4_01 from24 to f19 node
2020-11-24 18:53:08,045 - root - INFO - Moving Service 1_01 from21 to f11 node
2020-11-24 18:53:08,047 - root - INFO - Moving Service 0_01 from26 to f15 node
2020-11-24 18:53:08,050 - root - INFO - Moving Service 6_01 from27 to f1 node
2020-11-24 18:53:08,052 - root - INFO - Moving Service 5_01 from31 to f17 node
2020-11-24 18:53:08,083 - root - INFO - Activating Custom Process - number 13
2020-11-24 18:53:08,085 - root - INFO - Moving Service 6_01 from1 to f7 node
2020-11-24 18:53:08,088 - root - INFO - Moving Service 2_01 from7 to f14 node
2020-11-24 18:53:08,089 - root - INFO - Moving Service 1_01 from11 to f22 node
2020-11-24 18:53:08,091 - root - INFO - Moving Service 0_01 from15 to f10 node
2020-11-24 18:53:08,092 - root - INFO - Moving Service 5_01 from17 to f19 node
2020-11-24 18:53:08,095 - root - INFO - Moving Service 4_01 from19 to f28 node
2020-11-24 18:53:08,098 - root - INFO - Moving Service 3_01 from31 to f3 node
2020-11-24 18:53:08,121 - root - INFO - Activating Custom Process - number 14
2020-11-24 18:53:08,123 - root - INFO - Moving Service 3_01 from3 to f6 node
2020-11-24 18:53:08,124 - root - INFO - Moving Service 6_01 from7 to f9 node
2020-11-24 18:53:08,125 - root - INFO - Moving Service 0_01 from10 to f14 node
2020-11-24 18:53:08,127 - root - INFO - Moving Service 2_01 from14 to f2 node
2020-11-24 18:53:08,131 - root - INFO - Moving Service 5_01 from19 to f4 node
2020-11-24 18:53:08,134 - root - INFO - Moving Service 1_01 from22 to f1 node
2020-11-24 18:53:08,137 - root - INFO - Moving Service 4_01 from28 to f7 node
2020-11-24 18:54:15,365 - root - INFO - Running experiment it: - 0
2020-11-24 18:54:15,373 - root - INFO -  Performing simulation: 0
2020-11-24 18:54:15,479 - root - INFO - Activating Custom Process - number 0
2020-11-24 18:54:15,481 - root - INFO - Moving Service 0_01 from 0 to 23 node
2020-11-24 18:54:15,484 - root - INFO - Moving Service 1_01 from 0 to 26 node
2020-11-24 18:54:15,485 - root - INFO - Moving Service 2_01 from 0 to 2 node
2020-11-24 18:54:15,487 - root - INFO - Moving Service 3_01 from 0 to 16 node
2020-11-24 18:54:15,488 - root - INFO - Moving Service 4_01 from 0 to 31 node
2020-11-24 18:54:15,489 - root - INFO - Moving Service 5_01 from 0 to 25 node
2020-11-24 18:54:15,490 - root - INFO - Moving Service 6_01 from 0 to 20 node
2020-11-24 18:54:15,513 - root - INFO - Activating Custom Process - number 1
2020-11-24 18:54:15,514 - root - INFO - Moving Service 2_01 from 2 to 30 node
2020-11-24 18:54:15,515 - root - INFO - Moving Service 3_01 from 16 to 21 node
2020-11-24 18:54:15,517 - root - INFO - Moving Service 6_01 from 20 to 13 node
2020-11-24 18:54:15,519 - root - INFO - Moving Service 0_01 from 23 to 8 node
2020-11-24 18:54:15,520 - root - INFO - Moving Service 5_01 from 25 to 18 node
2020-11-24 18:54:15,522 - root - INFO - Moving Service 1_01 from 26 to 8 node
2020-11-24 18:54:15,523 - root - INFO - Moving Service 4_01 from 31 to 6 node
2020-11-24 18:54:15,545 - root - INFO - Activating Custom Process - number 2
2020-11-24 18:54:15,546 - root - INFO - Moving Service 4_01 from 6 to 16 node
2020-11-24 18:54:15,547 - root - INFO - Moving Service 0_01 from 8 to 9 node
2020-11-24 18:54:15,548 - root - INFO - Moving Service 1_01 from 8 to 20 node
2020-11-24 18:54:15,549 - root - INFO - Moving Service 6_01 from 13 to 6 node
2020-11-24 18:54:15,550 - root - INFO - Moving Service 5_01 from 18 to 4 node
2020-11-24 18:54:15,551 - root - INFO - Moving Service 3_01 from 21 to 19 node
2020-11-24 18:54:15,576 - root - INFO - Activating Custom Process - number 3
2020-11-24 18:54:15,577 - root - INFO - Moving Service 5_01 from 4 to 6 node
2020-11-24 18:54:15,579 - root - INFO - Moving Service 6_01 from 6 to 21 node
2020-11-24 18:54:15,580 - root - INFO - Moving Service 0_01 from 9 to 28 node
2020-11-24 18:54:15,581 - root - INFO - Moving Service 4_01 from 16 to 24 node
2020-11-24 18:54:15,582 - root - INFO - Moving Service 1_01 from 20 to 13 node
2020-11-24 18:54:15,583 - root - INFO - Moving Service 3_01 from 19 to 30 node
2020-11-24 18:54:15,584 - root - INFO - Moving Service 2_01 from 30 to 27 node
2020-11-24 18:54:15,606 - root - INFO - Activating Custom Process - number 4
2020-11-24 18:54:15,608 - root - INFO - Moving Service 5_01 from 6 to 16 node
2020-11-24 18:54:15,609 - root - INFO - Moving Service 1_01 from 13 to 3 node
2020-11-24 18:54:15,611 - root - INFO - Moving Service 4_01 from 24 to 0 node
2020-11-24 18:54:15,612 - root - INFO - Moving Service 6_01 from 21 to 5 node
2020-11-24 18:54:15,613 - root - INFO - Moving Service 0_01 from 28 to 25 node
2020-11-24 18:54:15,615 - root - INFO - Moving Service 2_01 from 27 to 0 node
2020-11-24 18:54:15,615 - root - INFO - Moving Service 3_01 from 30 to 31 node
2020-11-24 18:54:15,638 - root - INFO - Activating Custom Process - number 5
2020-11-24 18:54:15,640 - root - INFO - Moving Service 2_01 from 0 to 19 node
2020-11-24 18:54:15,641 - root - INFO - Moving Service 4_01 from 0 to 15 node
2020-11-24 18:54:15,642 - root - INFO - Moving Service 1_01 from 3 to 24 node
2020-11-24 18:54:15,644 - root - INFO - Moving Service 6_01 from 5 to 4 node
2020-11-24 18:54:15,645 - root - INFO - Moving Service 5_01 from 16 to 11 node
2020-11-24 18:54:15,646 - root - INFO - Moving Service 0_01 from 25 to 14 node
2020-11-24 18:54:15,647 - root - INFO - Moving Service 3_01 from 31 to 15 node
2020-11-24 18:54:15,665 - root - INFO - Activating Custom Process - number 6
2020-11-24 18:54:15,666 - root - INFO - Moving Service 6_01 from 4 to 9 node
2020-11-24 18:54:15,667 - root - INFO - Moving Service 5_01 from 11 to 27 node
2020-11-24 18:54:15,668 - root - INFO - Moving Service 0_01 from 14 to 5 node
2020-11-24 18:54:15,669 - root - INFO - Moving Service 3_01 from 15 to 5 node
2020-11-24 18:54:15,671 - root - INFO - Moving Service 4_01 from 15 to 24 node
2020-11-24 18:54:15,672 - root - INFO - Moving Service 1_01 from 24 to 31 node
2020-11-24 18:54:15,673 - root - INFO - Moving Service 2_01 from 19 to 6 node
2020-11-24 18:54:15,699 - root - INFO - Activating Custom Process - number 7
2020-11-24 18:54:15,700 - root - INFO - Moving Service 0_01 from 5 to 20 node
2020-11-24 18:54:15,703 - root - INFO - Moving Service 3_01 from 5 to 18 node
2020-11-24 18:54:15,704 - root - INFO - Moving Service 2_01 from 6 to 7 node
2020-11-24 18:54:15,705 - root - INFO - Moving Service 6_01 from 9 to 19 node
2020-11-24 18:54:15,707 - root - INFO - Moving Service 4_01 from 24 to 13 node
2020-11-24 18:54:15,708 - root - INFO - Moving Service 5_01 from 27 to 18 node
2020-11-24 18:54:15,709 - root - INFO - Moving Service 1_01 from 31 to 27 node
2020-11-24 18:54:15,756 - root - INFO - Activating Custom Process - number 8
2020-11-24 18:54:15,758 - root - INFO - Moving Service 2_01 from 7 to 5 node
2020-11-24 18:54:15,760 - root - INFO - Moving Service 4_01 from 13 to 23 node
2020-11-24 18:54:15,761 - root - INFO - Moving Service 3_01 from 18 to 24 node
2020-11-24 18:54:15,763 - root - INFO - Moving Service 5_01 from 18 to 15 node
2020-11-24 18:54:15,765 - root - INFO - Moving Service 0_01 from 20 to 18 node
2020-11-24 18:54:15,772 - root - INFO - Moving Service 6_01 from 19 to 12 node
2020-11-24 18:54:15,774 - root - INFO - Moving Service 1_01 from 27 to 11 node
2020-11-24 18:54:15,820 - root - INFO - Activating Custom Process - number 9
2020-11-24 18:54:15,824 - root - INFO - Moving Service 2_01 from 5 to 12 node
2020-11-24 18:54:15,826 - root - INFO - Moving Service 6_01 from 12 to 2 node
2020-11-24 18:54:15,828 - root - INFO - Moving Service 1_01 from 11 to 16 node
2020-11-24 18:54:15,830 - root - INFO - Moving Service 5_01 from 15 to 30 node
2020-11-24 18:54:15,833 - root - INFO - Moving Service 0_01 from 18 to 4 node
2020-11-24 18:54:15,836 - root - INFO - Moving Service 3_01 from 24 to 5 node
2020-11-24 18:54:15,839 - root - INFO - Moving Service 4_01 from 23 to 8 node
2020-11-24 18:54:15,884 - root - INFO - Activating Custom Process - number 10
2020-11-24 18:54:15,886 - root - INFO - Moving Service 6_01 from 2 to 9 node
2020-11-24 18:54:15,888 - root - INFO - Moving Service 0_01 from 4 to 2 node
2020-11-24 18:54:15,891 - root - INFO - Moving Service 4_01 from 8 to 25 node
2020-11-24 18:54:15,892 - root - INFO - Moving Service 2_01 from 12 to 17 node
2020-11-24 18:54:15,894 - root - INFO - Moving Service 1_01 from 16 to 15 node
2020-11-24 18:54:15,896 - root - INFO - Moving Service 5_01 from 30 to 13 node
2020-11-24 18:54:15,926 - root - INFO - Activating Custom Process - number 11
2020-11-24 18:54:15,929 - root - INFO - Moving Service 0_01 from 2 to 26 node
2020-11-24 18:54:15,930 - root - INFO - Moving Service 3_01 from 5 to 17 node
2020-11-24 18:54:15,932 - root - INFO - Moving Service 6_01 from 9 to 27 node
2020-11-24 18:54:15,939 - root - INFO - Moving Service 5_01 from 13 to 31 node
2020-11-24 18:54:15,942 - root - INFO - Moving Service 1_01 from 15 to 21 node
2020-11-24 18:54:15,944 - root - INFO - Moving Service 2_01 from 17 to 5 node
2020-11-24 18:54:15,947 - root - INFO - Moving Service 4_01 from 25 to 24 node
2020-11-24 18:54:15,989 - root - INFO - Activating Custom Process - number 12
2020-11-24 18:54:15,992 - root - INFO - Moving Service 2_01 from 5 to 7 node
2020-11-24 18:54:15,994 - root - INFO - Moving Service 3_01 from 17 to 31 node
2020-11-24 18:54:15,996 - root - INFO - Moving Service 4_01 from 24 to 19 node
2020-11-24 18:54:16,003 - root - INFO - Moving Service 1_01 from 21 to 11 node
2020-11-24 18:54:16,005 - root - INFO - Moving Service 0_01 from 26 to 15 node
2020-11-24 18:54:16,008 - root - INFO - Moving Service 6_01 from 27 to 1 node
2020-11-24 18:54:16,011 - root - INFO - Moving Service 5_01 from 31 to 17 node
2020-11-24 18:54:16,058 - root - INFO - Activating Custom Process - number 13
2020-11-24 18:54:16,060 - root - INFO - Moving Service 6_01 from 1 to 7 node
2020-11-24 18:54:16,062 - root - INFO - Moving Service 2_01 from 7 to 14 node
2020-11-24 18:54:16,064 - root - INFO - Moving Service 1_01 from 11 to 22 node
2020-11-24 18:54:16,066 - root - INFO - Moving Service 0_01 from 15 to 10 node
2020-11-24 18:54:16,067 - root - INFO - Moving Service 5_01 from 17 to 19 node
2020-11-24 18:54:16,069 - root - INFO - Moving Service 4_01 from 19 to 28 node
2020-11-24 18:54:16,076 - root - INFO - Moving Service 3_01 from 31 to 3 node
2020-11-24 18:54:16,125 - root - INFO - Activating Custom Process - number 14
2020-11-24 18:54:16,129 - root - INFO - Moving Service 3_01 from 3 to 6 node
2020-11-24 18:54:16,132 - root - INFO - Moving Service 6_01 from 7 to 9 node
2020-11-24 18:54:16,139 - root - INFO - Moving Service 0_01 from 10 to 14 node
2020-11-24 18:54:16,142 - root - INFO - Moving Service 2_01 from 14 to 2 node
2020-11-24 18:54:16,144 - root - INFO - Moving Service 5_01 from 19 to 4 node
2020-11-24 18:54:16,146 - root - INFO - Moving Service 1_01 from 22 to 1 node
2020-11-24 18:54:16,148 - root - INFO - Moving Service 4_01 from 28 to 7 node
2021-01-06 09:14:22,298 - root - INFO - Running experiment it: - 0
2021-01-06 09:16:23,815 - root - INFO - Running experiment it: - 0
2021-01-06 09:17:06,594 - root - INFO - Running experiment it: - 0
2021-01-06 09:17:06,618 - root - INFO -  Performing simulation: 0
2021-01-06 09:17:06,902 - root - INFO - Activating Custom Process - number 0
2021-01-06 09:23:09,948 - root - INFO - Running experiment it: - 0
2021-01-06 09:23:10,022 - root - INFO -  Performing simulation: 0
2021-01-06 09:23:10,408 - root - INFO - Activating Custom Process - number 0
2021-01-06 09:23:21,281 - root - INFO - Running experiment it: - 0
2021-01-06 09:23:21,290 - root - INFO -  Performing simulation: 0
2021-01-06 09:23:21,547 - root - INFO - Activating Custom Process - number 0
2021-01-06 09:42:59,595 - root - INFO - Running experiment it: - 0
2021-01-06 09:42:59,603 - root - INFO -  Performing simulation: 0
2021-01-06 09:42:59,658 - root - INFO - Activating Custom Process - number 0
2021-01-06 09:56:19,391 - root - INFO - Running experiment it: - 0
2021-01-06 09:56:19,402 - root - INFO -  Performing simulation: 0
2021-01-06 09:57:05,849 - root - INFO - Running experiment it: - 0
2021-01-06 09:57:05,857 - root - INFO -  Performing simulation: 0
2021-01-06 09:57:46,412 - root - INFO - Running experiment it: - 0
2021-01-06 09:57:46,424 - root - INFO -  Performing simulation: 0
2021-01-06 09:57:46,787 - root - INFO - Activating Custom Process - number 0
2021-01-06 09:59:56,571 - root - INFO - Running experiment it: - 0
2021-01-06 09:59:56,578 - root - INFO -  Performing simulation: 0
2021-01-06 09:59:56,988 - root - INFO - Activating Custom Process - number 0
2021-01-06 10:03:23,750 - root - INFO - Running experiment it: - 0
2021-01-06 10:03:23,764 - root - INFO -  Performing simulation: 0
2021-01-06 10:03:24,159 - root - INFO - Activating Custom Process - number 0
2021-01-06 10:22:35,362 - root - INFO - Running experiment it: - 0
2021-01-06 10:22:35,373 - root - INFO -  Performing simulation: 0
2021-01-06 10:22:38,420 - root - INFO - Activating Custom Process - number 0
2021-01-08 18:14:48,413 - root - INFO - Running experiment it: - 0
2021-01-08 18:16:34,636 - root - INFO - Running experiment it: - 0
2021-01-08 18:16:34,690 - root - INFO -  Performing simulation: 0
2021-01-08 18:16:34,973 - root - INFO - Activating Custom Process - number 0
2021-01-08 18:22:43,099 - root - INFO - Running experiment it: - 0
2021-01-08 18:22:43,130 - root - INFO -  Performing simulation: 0
2021-01-08 18:22:43,495 - root - INFO - Activating Custom Process - number 0
2021-01-08 18:50:02,472 - root - INFO - Running experiment it: - 0
2021-01-08 18:50:02,512 - root - INFO -  Performing simulation: 0
2021-01-08 18:50:02,854 - root - INFO - Activating Custom Process - number 0
2021-01-08 19:04:18,264 - root - INFO - Running experiment it: - 0
2021-01-08 19:04:18,292 - root - INFO -  Performing simulation: 0
2021-01-08 19:04:18,644 - root - INFO - Activating Custom Process - number 0
2021-01-08 19:05:23,400 - root - INFO - Running experiment it: - 0
2021-01-08 19:05:23,433 - root - INFO -  Performing simulation: 0
2021-01-08 19:05:23,902 - root - INFO - Activating Custom Process - number 0
2021-01-08 19:15:29,121 - root - INFO - Running experiment it: - 0
2021-01-08 19:15:29,153 - root - INFO -  Performing simulation: 0
2021-01-08 19:15:29,566 - root - INFO - Activating Custom Process - number 0
2021-01-08 19:17:26,922 - root - INFO - Running experiment it: - 0
2021-01-08 19:17:26,947 - root - INFO -  Performing simulation: 0
2021-01-08 19:17:27,278 - root - INFO - Activating Custom Process - number 0
2021-01-08 19:17:46,121 - root - INFO - Running experiment it: - 0
2021-01-08 19:17:46,149 - root - INFO -  Performing simulation: 0
2021-01-08 19:17:46,493 - root - INFO - Activating Custom Process - number 0
2021-01-08 19:19:29,565 - root - INFO - Running experiment it: - 0
2021-01-08 19:19:29,592 - root - INFO -  Performing simulation: 0
2021-01-08 19:19:29,954 - root - INFO - Activating Custom Process - number 0
2021-01-08 19:21:53,429 - root - INFO - Running experiment it: - 0
2021-01-08 19:21:53,455 - root - INFO -  Performing simulation: 0
2021-01-08 19:21:53,927 - root - INFO - Activating Custom Process - number 0
2021-01-08 19:24:54,017 - root - INFO - Running experiment it: - 0
2021-01-08 19:24:54,048 - root - INFO -  Performing simulation: 0
2021-01-08 19:24:54,449 - root - INFO - Activating Custom Process - number 0
2021-01-08 19:25:36,457 - root - INFO - Running experiment it: - 0
2021-01-08 19:25:36,483 - root - INFO -  Performing simulation: 0
2021-01-08 19:25:36,832 - root - INFO - Activating Custom Process - number 0
2021-01-08 19:26:17,202 - root - INFO - Running experiment it: - 0
2021-01-08 19:26:17,229 - root - INFO -  Performing simulation: 0
2021-01-08 19:26:17,580 - root - INFO - Activating Custom Process - number 0
2021-01-08 19:27:55,214 - root - INFO - Running experiment it: - 0
2021-01-08 19:27:55,239 - root - INFO -  Performing simulation: 0
2021-01-08 19:27:55,583 - root - INFO - Activating Custom Process - number 0
2021-01-08 19:28:07,688 - root - INFO - Running experiment it: - 0
2021-01-08 19:28:07,716 - root - INFO -  Performing simulation: 0
2021-01-08 19:28:08,094 - root - INFO - Activating Custom Process - number 0
2021-01-08 19:28:29,746 - root - INFO - Running experiment it: - 0
2021-01-08 19:28:29,861 - root - INFO -  Performing simulation: 0
2021-01-08 19:28:30,244 - root - INFO - Activating Custom Process - number 0
2021-01-08 19:28:30,246 - root - INFO - Moving Service 0_0 from 153 to 12 node
2021-01-08 19:28:30,247 - root - INFO - Moving Service 0_1 from 153 to 65 node
2021-01-08 19:28:30,248 - root - INFO - Moving Service 0_2 from 153 to 54 node
2021-01-08 19:28:30,250 - root - INFO - Moving Service 0_3 from 153 to 137 node
2021-01-08 19:28:30,251 - root - INFO - Moving Service 0_4 from 153 to 118 node
2021-01-08 19:28:30,252 - root - INFO - Moving Service 1_5 from 153 to 9 node
2021-01-08 19:28:30,253 - root - INFO - Moving Service 1_6 from 153 to 18 node
2021-01-08 19:28:30,254 - root - INFO - Moving Service 2_8 from 153 to 14 node
2021-01-08 19:28:30,255 - root - INFO - Moving Service 2_7 from 153 to 143 node
2021-01-08 19:28:30,257 - root - INFO - Moving Service 3_9 from 153 to 7 node
2021-01-08 19:28:30,259 - root - INFO - Moving Service 3_10 from 153 to 91 node
2021-01-08 19:28:30,260 - root - INFO - Moving Service 4_11 from 153 to 171 node
2021-01-08 19:28:30,262 - root - INFO - Moving Service 4_12 from 153 to 76 node
2021-01-08 19:28:30,263 - root - INFO - Moving Service 4_13 from 153 to 31 node
2021-01-08 19:28:30,265 - root - INFO - Moving Service 4_14 from 153 to 191 node
2021-01-08 19:28:30,265 - root - INFO - Moving Service 4_15 from 153 to 53 node
2021-01-08 19:28:30,266 - root - INFO - Moving Service 4_16 from 153 to 162 node
2021-01-08 19:28:30,267 - root - INFO - Moving Service 4_17 from 153 to 137 node
2021-01-08 19:28:30,268 - root - INFO - Moving Service 4_18 from 153 to 172 node
2021-01-08 19:28:30,270 - root - INFO - Moving Service 5_19 from 153 to 3 node
2021-01-08 19:28:30,273 - root - INFO - Moving Service 5_20 from 153 to 50 node
2021-01-08 19:28:30,274 - root - INFO - Moving Service 5_21 from 153 to 136 node
2021-01-08 19:28:30,275 - root - INFO - Moving Service 5_22 from 153 to 15 node
2021-01-08 19:28:30,276 - root - INFO - Moving Service 5_23 from 153 to 3 node
2021-01-08 19:28:30,278 - root - INFO - Moving Service 5_24 from 153 to 13 node
2021-01-08 19:28:30,279 - root - INFO - Moving Service 5_25 from 153 to 87 node
2021-01-08 19:28:30,280 - root - INFO - Moving Service 5_26 from 153 to 15 node
2021-01-08 19:28:30,282 - root - INFO - Moving Service 6_32 from 153 to 57 node
2021-01-08 19:28:30,283 - root - INFO - Moving Service 6_27 from 153 to 2 node
2021-01-08 19:28:30,285 - root - INFO - Moving Service 6_28 from 153 to 195 node
2021-01-08 19:28:30,286 - root - INFO - Moving Service 6_29 from 153 to 192 node
2021-01-08 19:28:30,288 - root - INFO - Moving Service 6_30 from 153 to 22 node
2021-01-08 19:28:30,288 - root - INFO - Moving Service 6_31 from 153 to 112 node
2021-01-08 19:28:30,290 - root - INFO - Moving Service 7_33 from 153 to 104 node
2021-01-08 19:28:30,290 - root - INFO - Moving Service 7_34 from 153 to 185 node
2021-01-08 19:28:30,292 - root - INFO - Moving Service 8_35 from 153 to 186 node
2021-01-08 19:28:30,292 - root - INFO - Moving Service 8_36 from 153 to 24 node
2021-01-08 19:28:30,294 - root - INFO - Moving Service 8_37 from 153 to 138 node
2021-01-08 19:28:30,295 - root - INFO - Moving Service 8_38 from 153 to 31 node
2021-01-08 19:28:30,297 - root - INFO - Moving Service 9_40 from 153 to 170 node
2021-01-08 19:28:30,298 - root - INFO - Moving Service 9_41 from 153 to 149 node
2021-01-08 19:28:30,299 - root - INFO - Moving Service 9_42 from 153 to 109 node
2021-01-08 19:28:30,300 - root - INFO - Moving Service 9_43 from 153 to 123 node
2021-01-08 19:28:30,301 - root - INFO - Moving Service 9_39 from 153 to 52 node
2021-01-08 19:28:30,355 - root - INFO - Activating Custom Process - number 1
2021-01-08 19:28:30,357 - root - INFO - Moving Service 0_1 from 65 to 79 node
2021-01-08 19:28:30,358 - root - INFO - Moving Service 6_27 from 2 to 194 node
2021-01-08 19:28:30,361 - root - INFO - Moving Service 9_42 from 109 to 58 node
2021-01-08 19:28:30,361 - root - INFO - Moving Service 2_8 from 14 to 33 node
2021-01-08 19:28:30,362 - root - INFO - Moving Service 5_22 from 15 to 33 node
2021-01-08 19:28:30,363 - root - INFO - Moving Service 5_26 from 15 to 96 node
2021-01-08 19:28:30,364 - root - INFO - Moving Service 5_19 from 3 to 112 node
2021-01-08 19:28:30,365 - root - INFO - Moving Service 5_23 from 3 to 159 node
2021-01-08 19:28:30,366 - root - INFO - Moving Service 5_20 from 50 to 83 node
2021-01-08 19:28:30,368 - root - INFO - Moving Service 9_39 from 52 to 30 node
2021-01-08 19:28:30,368 - root - INFO - Moving Service 5_25 from 87 to 45 node
2021-01-08 19:28:30,369 - root - INFO - Moving Service 3_9 from 7 to 152 node
2021-01-08 19:28:30,370 - root - INFO - Moving Service 7_33 from 104 to 23 node
2021-01-08 19:28:30,371 - root - INFO - Moving Service 4_12 from 76 to 1 node
2021-01-08 19:28:30,371 - root - INFO - Moving Service 6_31 from 112 to 14 node
2021-01-08 19:28:30,372 - root - INFO - Moving Service 0_0 from 12 to 183 node
2021-01-08 19:28:30,374 - root - INFO - Moving Service 5_24 from 13 to 62 node
2021-01-08 19:28:30,375 - root - INFO - Moving Service 3_10 from 91 to 63 node
2021-01-08 19:28:30,377 - root - INFO - Moving Service 4_15 from 53 to 153 node
2021-01-08 19:28:30,379 - root - INFO - Moving Service 6_32 from 57 to 171 node
2021-01-08 19:28:30,380 - root - INFO - Moving Service 1_5 from 9 to 162 node
2021-01-08 19:28:30,381 - root - INFO - Moving Service 1_6 from 18 to 80 node
2021-01-08 19:28:30,382 - root - INFO - Moving Service 6_30 from 22 to 140 node
2021-01-08 19:28:30,384 - root - INFO - Moving Service 0_2 from 54 to 127 node
2021-01-08 19:28:30,385 - root - INFO - Moving Service 8_36 from 24 to 104 node
2021-01-08 19:28:30,386 - root - INFO - Moving Service 4_13 from 31 to 74 node
2021-01-08 19:28:30,387 - root - INFO - Moving Service 8_38 from 31 to 59 node
2021-01-08 19:28:30,388 - root - INFO - Moving Service 6_29 from 192 to 14 node
2021-01-08 19:28:30,389 - root - INFO - Moving Service 8_35 from 186 to 164 node
2021-01-08 19:28:30,390 - root - INFO - Moving Service 4_18 from 172 to 178 node
2021-01-08 19:28:30,391 - root - INFO - Moving Service 9_41 from 149 to 33 node
2021-01-08 19:28:30,392 - root - INFO - Moving Service 8_37 from 138 to 186 node
2021-01-08 19:28:30,394 - root - INFO - Moving Service 5_21 from 136 to 110 node
2021-01-08 19:28:30,397 - root - INFO - Moving Service 2_7 from 143 to 75 node
2021-01-08 19:28:30,398 - root - INFO - Moving Service 9_40 from 170 to 172 node
2021-01-08 19:28:30,399 - root - INFO - Moving Service 9_43 from 123 to 199 node
2021-01-08 19:28:30,400 - root - INFO - Moving Service 4_14 from 191 to 104 node
2021-01-08 19:28:30,401 - root - INFO - Moving Service 4_11 from 171 to 4 node
2021-01-08 19:28:30,402 - root - INFO - Moving Service 7_34 from 185 to 109 node
2021-01-08 19:28:30,403 - root - INFO - Moving Service 0_3 from 137 to 135 node
2021-01-08 19:28:30,404 - root - INFO - Moving Service 4_17 from 137 to 124 node
2021-01-08 19:28:30,405 - root - INFO - Moving Service 4_16 from 162 to 87 node
2021-01-08 19:28:30,406 - root - INFO - Moving Service 0_4 from 118 to 181 node
2021-01-08 19:28:30,406 - root - INFO - Moving Service 6_28 from 195 to 18 node
2021-01-08 19:28:30,455 - root - INFO - Activating Custom Process - number 2
2021-01-08 19:28:30,458 - root - INFO - Moving Service 4_11 from 4 to 53 node
2021-01-08 19:28:30,459 - root - INFO - Moving Service 7_34 from 109 to 116 node
2021-01-08 19:28:30,461 - root - INFO - Moving Service 6_29 from 14 to 122 node
2021-01-08 19:28:30,462 - root - INFO - Moving Service 6_31 from 14 to 47 node
2021-01-08 19:28:30,463 - root - INFO - Moving Service 5_21 from 110 to 136 node
2021-01-08 19:28:30,465 - root - INFO - Moving Service 4_12 from 1 to 8 node
2021-01-08 19:28:30,465 - root - INFO - Moving Service 5_26 from 96 to 14 node
2021-01-08 19:28:30,467 - root - INFO - Moving Service 1_6 from 80 to 37 node
2021-01-08 19:28:30,467 - root - INFO - Moving Service 2_7 from 75 to 184 node
2021-01-08 19:28:30,468 - root - INFO - Moving Service 5_20 from 83 to 24 node
2021-01-08 19:28:30,469 - root - INFO - Moving Service 4_16 from 87 to 197 node
2021-01-08 19:28:30,472 - root - INFO - Moving Service 3_10 from 63 to 8 node
2021-01-08 19:28:30,473 - root - INFO - Moving Service 4_14 from 104 to 188 node
2021-01-08 19:28:30,474 - root - INFO - Moving Service 8_36 from 104 to 81 node
2021-01-08 19:28:30,474 - root - INFO - Moving Service 5_19 from 112 to 181 node
2021-01-08 19:28:30,476 - root - INFO - Moving Service 9_39 from 30 to 11 node
2021-01-08 19:28:30,477 - root - INFO - Moving Service 5_25 from 45 to 20 node
2021-01-08 19:28:30,478 - root - INFO - Moving Service 0_1 from 79 to 15 node
2021-01-08 19:28:30,478 - root - INFO - Moving Service 6_28 from 18 to 142 node
2021-01-08 19:28:30,479 - root - INFO - Moving Service 7_33 from 23 to 91 node
2021-01-08 19:28:30,480 - root - INFO - Moving Service 4_13 from 74 to 6 node
2021-01-08 19:28:30,481 - root - INFO - Moving Service 2_8 from 33 to 190 node
2021-01-08 19:28:30,483 - root - INFO - Moving Service 5_22 from 33 to 168 node
2021-01-08 19:28:30,484 - root - INFO - Moving Service 9_41 from 33 to 187 node
2021-01-08 19:28:30,486 - root - INFO - Moving Service 9_42 from 58 to 123 node
2021-01-08 19:28:30,488 - root - INFO - Moving Service 8_38 from 59 to 101 node
2021-01-08 19:28:30,489 - root - INFO - Moving Service 5_24 from 62 to 25 node
2021-01-08 19:28:30,490 - root - INFO - Moving Service 8_37 from 186 to 52 node
2021-01-08 19:28:30,491 - root - INFO - Moving Service 4_18 from 178 to 198 node
2021-01-08 19:28:30,492 - root - INFO - Moving Service 9_40 from 172 to 125 node
2021-01-08 19:28:30,494 - root - INFO - Moving Service 0_0 from 183 to 199 node
2021-01-08 19:28:30,495 - root - INFO - Moving Service 4_15 from 153 to 149 node
2021-01-08 19:28:30,496 - root - INFO - Moving Service 0_3 from 135 to 127 node
2021-01-08 19:28:30,497 - root - INFO - Moving Service 6_32 from 171 to 143 node
2021-01-08 19:28:30,499 - root - INFO - Moving Service 8_35 from 164 to 68 node
2021-01-08 19:28:30,500 - root - INFO - Moving Service 4_17 from 124 to 138 node
2021-01-08 19:28:30,502 - root - INFO - Moving Service 0_4 from 181 to 85 node
2021-01-08 19:28:30,503 - root - INFO - Moving Service 5_23 from 159 to 73 node
2021-01-08 19:28:30,503 - root - INFO - Moving Service 6_30 from 140 to 7 node
2021-01-08 19:28:30,505 - root - INFO - Moving Service 0_2 from 127 to 71 node
2021-01-08 19:28:30,506 - root - INFO - Moving Service 1_5 from 162 to 179 node
2021-01-08 19:28:30,507 - root - INFO - Moving Service 3_9 from 152 to 69 node
2021-01-08 19:28:30,508 - root - INFO - Moving Service 6_27 from 194 to 50 node
2021-01-08 19:28:30,509 - root - INFO - Moving Service 9_43 from 199 to 5 node
2021-01-08 19:28:30,562 - root - INFO - Activating Custom Process - number 3
2021-01-08 19:28:30,564 - root - INFO - Moving Service 4_13 from 6 to 47 node
2021-01-08 19:28:30,565 - root - INFO - Moving Service 5_26 from 14 to 118 node
2021-01-08 19:28:30,566 - root - INFO - Moving Service 0_1 from 15 to 32 node
2021-01-08 19:28:30,567 - root - INFO - Moving Service 5_25 from 20 to 53 node
2021-01-08 19:28:30,568 - root - INFO - Moving Service 9_39 from 11 to 10 node
2021-01-08 19:28:30,569 - root - INFO - Moving Service 6_27 from 50 to 117 node
2021-01-08 19:28:30,570 - root - INFO - Moving Service 8_37 from 52 to 6 node
2021-01-08 19:28:30,571 - root - INFO - Moving Service 9_43 from 5 to 171 node
2021-01-08 19:28:30,571 - root - INFO - Moving Service 5_23 from 73 to 26 node
2021-01-08 19:28:30,572 - root - INFO - Moving Service 6_31 from 47 to 63 node
2021-01-08 19:28:30,573 - root - INFO - Moving Service 6_30 from 7 to 70 node
2021-01-08 19:28:30,574 - root - INFO - Moving Service 3_10 from 8 to 188 node
2021-01-08 19:28:30,578 - root - INFO - Moving Service 4_12 from 8 to 72 node
2021-01-08 19:28:30,579 - root - INFO - Moving Service 8_38 from 101 to 130 node
2021-01-08 19:28:30,580 - root - INFO - Moving Service 5_24 from 25 to 64 node
2021-01-08 19:28:30,581 - root - INFO - Moving Service 7_33 from 91 to 141 node
2021-01-08 19:28:30,582 - root - INFO - Moving Service 4_11 from 53 to 93 node
2021-01-08 19:28:30,582 - root - INFO - Moving Service 0_4 from 85 to 87 node
2021-01-08 19:28:30,584 - root - INFO - Moving Service 8_36 from 81 to 103 node
2021-01-08 19:28:30,585 - root - INFO - Moving Service 5_20 from 24 to 60 node
2021-01-08 19:28:30,586 - root - INFO - Moving Service 1_6 from 37 to 84 node
2021-01-08 19:28:30,587 - root - INFO - Moving Service 8_35 from 68 to 23 node
2021-01-08 19:28:30,588 - root - INFO - Moving Service 3_9 from 69 to 145 node
2021-01-08 19:28:30,590 - root - INFO - Moving Service 0_2 from 71 to 46 node
2021-01-08 19:28:30,591 - root - INFO - Moving Service 2_7 from 184 to 53 node
2021-01-08 19:28:30,592 - root - INFO - Moving Service 4_14 from 188 to 126 node
2021-01-08 19:28:30,593 - root - INFO - Moving Service 6_28 from 142 to 182 node
2021-01-08 19:28:30,594 - root - INFO - Moving Service 4_15 from 149 to 19 node
2021-01-08 19:28:30,597 - root - INFO - Moving Service 4_17 from 138 to 70 node
2021-01-08 19:28:30,598 - root - INFO - Moving Service 5_21 from 136 to 176 node
2021-01-08 19:28:30,599 - root - INFO - Moving Service 2_8 from 190 to 80 node
2021-01-08 19:28:30,600 - root - INFO - Moving Service 6_32 from 143 to 5 node
2021-01-08 19:28:30,601 - root - INFO - Moving Service 1_5 from 179 to 180 node
2021-01-08 19:28:30,602 - root - INFO - Moving Service 9_41 from 187 to 132 node
2021-01-08 19:28:30,604 - root - INFO - Moving Service 9_42 from 123 to 85 node
2021-01-08 19:28:30,606 - root - INFO - Moving Service 9_40 from 125 to 44 node
2021-01-08 19:28:30,607 - root - INFO - Moving Service 5_19 from 181 to 27 node
2021-01-08 19:28:30,608 - root - INFO - Moving Service 5_22 from 168 to 7 node
2021-01-08 19:28:30,609 - root - INFO - Moving Service 6_29 from 122 to 83 node
2021-01-08 19:28:30,611 - root - INFO - Moving Service 0_3 from 127 to 13 node
2021-01-08 19:28:30,611 - root - INFO - Moving Service 7_34 from 116 to 99 node
2021-01-08 19:28:30,613 - root - INFO - Moving Service 4_16 from 197 to 165 node
2021-01-08 19:28:30,613 - root - INFO - Moving Service 4_18 from 198 to 34 node
2021-01-08 19:28:30,615 - root - INFO - Moving Service 0_0 from 199 to 28 node
2021-01-08 19:28:30,666 - root - INFO - Activating Custom Process - number 4
2021-01-08 19:28:30,667 - root - INFO - Moving Service 0_1 from 32 to 53 node
2021-01-08 19:28:30,669 - root - INFO - Moving Service 8_37 from 6 to 172 node
2021-01-08 19:28:30,670 - root - INFO - Moving Service 8_36 from 103 to 52 node
2021-01-08 19:28:30,671 - root - INFO - Moving Service 2_8 from 80 to 70 node
2021-01-08 19:28:30,671 - root - INFO - Moving Service 6_32 from 5 to 39 node
2021-01-08 19:28:30,673 - root - INFO - Moving Service 4_12 from 72 to 21 node
2021-01-08 19:28:30,674 - root - INFO - Moving Service 4_13 from 47 to 72 node
2021-01-08 19:28:30,675 - root - INFO - Moving Service 6_29 from 83 to 157 node
2021-01-08 19:28:30,676 - root - INFO - Moving Service 0_4 from 87 to 114 node
2021-01-08 19:28:30,677 - root - INFO - Moving Service 6_31 from 63 to 117 node
2021-01-08 19:28:30,678 - root - INFO - Moving Service 5_22 from 7 to 76 node
2021-01-08 19:28:30,680 - root - INFO - Moving Service 9_40 from 44 to 160 node
2021-01-08 19:28:30,681 - root - INFO - Moving Service 4_17 from 70 to 192 node
2021-01-08 19:28:30,682 - root - INFO - Moving Service 6_30 from 70 to 49 node
2021-01-08 19:28:30,683 - root - INFO - Moving Service 5_20 from 60 to 70 node
2021-01-08 19:28:30,684 - root - INFO - Moving Service 0_3 from 13 to 196 node
2021-01-08 19:28:30,685 - root - INFO - Moving Service 5_23 from 26 to 68 node
2021-01-08 19:28:30,686 - root - INFO - Moving Service 0_0 from 28 to 77 node
2021-01-08 19:28:30,687 - root - INFO - Moving Service 4_18 from 34 to 94 node
2021-01-08 19:28:30,688 - root - INFO - Moving Service 4_11 from 93 to 55 node
2021-01-08 19:28:30,689 - root - INFO - Moving Service 0_2 from 46 to 188 node
2021-01-08 19:28:30,692 - root - INFO - Moving Service 2_7 from 53 to 54 node
2021-01-08 19:28:30,692 - root - INFO - Moving Service 5_25 from 53 to 190 node
2021-01-08 19:28:30,695 - root - INFO - Moving Service 9_42 from 85 to 63 node
2021-01-08 19:28:30,697 - root - INFO - Moving Service 7_34 from 99 to 74 node
2021-01-08 19:28:30,698 - root - INFO - Moving Service 4_15 from 19 to 158 node
2021-01-08 19:28:30,699 - root - INFO - Moving Service 8_35 from 23 to 181 node
2021-01-08 19:28:30,700 - root - INFO - Moving Service 5_24 from 64 to 166 node
2021-01-08 19:28:30,701 - root - INFO - Moving Service 1_6 from 84 to 51 node
2021-01-08 19:28:30,703 - root - INFO - Moving Service 9_39 from 10 to 183 node
2021-01-08 19:28:30,704 - root - INFO - Moving Service 5_19 from 27 to 197 node
2021-01-08 19:28:30,705 - root - INFO - Moving Service 3_10 from 188 to 88 node
2021-01-08 19:28:30,706 - root - INFO - Moving Service 3_9 from 145 to 53 node
2021-01-08 19:28:30,708 - root - INFO - Moving Service 8_38 from 130 to 0 node
2021-01-08 19:28:30,711 - root - INFO - Moving Service 4_16 from 165 to 127 node
2021-01-08 19:28:30,712 - root - INFO - Moving Service 1_5 from 180 to 192 node
2021-01-08 19:28:30,713 - root - INFO - Moving Service 4_14 from 126 to 124 node
2021-01-08 19:28:30,714 - root - INFO - Moving Service 9_41 from 132 to 158 node
2021-01-08 19:28:30,715 - root - INFO - Moving Service 5_21 from 176 to 32 node
2021-01-08 19:28:30,716 - root - INFO - Moving Service 9_43 from 171 to 101 node
2021-01-08 19:28:30,717 - root - INFO - Moving Service 6_28 from 182 to 57 node
2021-01-08 19:28:30,718 - root - INFO - Moving Service 6_27 from 117 to 73 node
2021-01-08 19:28:30,720 - root - INFO - Moving Service 7_33 from 141 to 196 node
2021-01-08 19:28:30,721 - root - INFO - Moving Service 5_26 from 118 to 181 node
2021-01-08 19:28:30,780 - root - INFO - Activating Custom Process - number 5
2021-01-08 19:28:30,783 - root - INFO - Moving Service 8_38 from 0 to 184 node
2021-01-08 19:28:30,784 - root - INFO - Moving Service 5_21 from 32 to 5 node
2021-01-08 19:28:30,785 - root - INFO - Moving Service 1_6 from 51 to 118 node
2021-01-08 19:28:30,786 - root - INFO - Moving Service 8_36 from 52 to 89 node
2021-01-08 19:28:30,787 - root - INFO - Moving Service 6_32 from 39 to 74 node
2021-01-08 19:28:30,788 - root - INFO - Moving Service 4_13 from 72 to 40 node
2021-01-08 19:28:30,789 - root - INFO - Moving Service 6_27 from 73 to 197 node
2021-01-08 19:28:30,791 - root - INFO - Moving Service 9_42 from 63 to 140 node
2021-01-08 19:28:30,791 - root - INFO - Moving Service 5_22 from 76 to 82 node
2021-01-08 19:28:30,792 - root - INFO - Moving Service 4_18 from 94 to 147 node
2021-01-08 19:28:30,794 - root - INFO - Moving Service 2_8 from 70 to 50 node
2021-01-08 19:28:30,795 - root - INFO - Moving Service 5_20 from 70 to 14 node
2021-01-08 19:28:30,797 - root - INFO - Moving Service 3_10 from 88 to 41 node
2021-01-08 19:28:30,797 - root - INFO - Moving Service 9_43 from 101 to 95 node
2021-01-08 19:28:30,798 - root - INFO - Moving Service 4_11 from 55 to 85 node
2021-01-08 19:28:30,799 - root - INFO - Moving Service 4_12 from 21 to 180 node
2021-01-08 19:28:30,800 - root - INFO - Moving Service 0_1 from 53 to 54 node
2021-01-08 19:28:30,802 - root - INFO - Moving Service 3_9 from 53 to 107 node
2021-01-08 19:28:30,803 - root - INFO - Moving Service 6_28 from 57 to 170 node
2021-01-08 19:28:30,804 - root - INFO - Moving Service 2_7 from 54 to 55 node
2021-01-08 19:28:30,805 - root - INFO - Moving Service 7_34 from 74 to 193 node
2021-01-08 19:28:30,807 - root - INFO - Moving Service 6_30 from 49 to 112 node
2021-01-08 19:28:30,809 - root - INFO - Moving Service 5_23 from 68 to 102 node
2021-01-08 19:28:30,810 - root - INFO - Moving Service 0_0 from 77 to 62 node
2021-01-08 19:28:30,812 - root - INFO - Moving Service 1_5 from 192 to 46 node
2021-01-08 19:28:30,812 - root - INFO - Moving Service 4_17 from 192 to 40 node
2021-01-08 19:28:30,814 - root - INFO - Moving Service 0_2 from 188 to 190 node
2021-01-08 19:28:30,814 - root - INFO - Moving Service 4_15 from 158 to 90 node
2021-01-08 19:28:30,816 - root - INFO - Moving Service 9_41 from 158 to 123 node
2021-01-08 19:28:30,816 - root - INFO - Moving Service 8_37 from 172 to 190 node
2021-01-08 19:28:30,818 - root - INFO - Moving Service 9_39 from 183 to 125 node
2021-01-08 19:28:30,818 - root - INFO - Moving Service 5_25 from 190 to 60 node
2021-01-08 19:28:30,819 - root - INFO - Moving Service 6_29 from 157 to 180 node
2021-01-08 19:28:30,820 - root - INFO - Moving Service 0_4 from 114 to 5 node
2021-01-08 19:28:30,821 - root - INFO - Moving Service 4_14 from 124 to 59 node
2021-01-08 19:28:30,822 - root - INFO - Moving Service 5_26 from 181 to 182 node
2021-01-08 19:28:30,823 - root - INFO - Moving Service 8_35 from 181 to 156 node
2021-01-08 19:28:30,824 - root - INFO - Moving Service 5_24 from 166 to 56 node
2021-01-08 19:28:30,825 - root - INFO - Moving Service 6_31 from 117 to 131 node
2021-01-08 19:28:30,827 - root - INFO - Moving Service 4_16 from 127 to 199 node
2021-01-08 19:28:30,831 - root - INFO - Moving Service 9_40 from 160 to 38 node
2021-01-08 19:28:30,832 - root - INFO - Moving Service 5_19 from 197 to 46 node
2021-01-08 19:28:30,833 - root - INFO - Moving Service 0_3 from 196 to 184 node
2021-01-08 19:28:30,834 - root - INFO - Moving Service 7_33 from 196 to 24 node
2021-01-08 19:28:30,889 - root - INFO - Activating Custom Process - number 6
2021-01-08 19:28:30,891 - root - INFO - Moving Service 5_20 from 14 to 131 node
2021-01-08 19:28:30,892 - root - INFO - Moving Service 5_23 from 102 to 134 node
2021-01-08 19:28:30,894 - root - INFO - Moving Service 3_10 from 41 to 43 node
2021-01-08 19:28:30,894 - root - INFO - Moving Service 2_8 from 50 to 32 node
2021-01-08 19:28:30,895 - root - INFO - Moving Service 0_4 from 5 to 84 node
2021-01-08 19:28:30,896 - root - INFO - Moving Service 5_21 from 5 to 15 node
2021-01-08 19:28:30,906 - root - INFO - Moving Service 3_9 from 107 to 73 node
2021-01-08 19:28:30,907 - root - INFO - Moving Service 4_15 from 90 to 124 node
2021-01-08 19:28:30,909 - root - INFO - Moving Service 6_30 from 112 to 0 node
2021-01-08 19:28:30,911 - root - INFO - Moving Service 5_22 from 82 to 17 node
2021-01-08 19:28:30,912 - root - INFO - Moving Service 5_25 from 60 to 166 node
2021-01-08 19:28:30,913 - root - INFO - Moving Service 2_7 from 55 to 160 node
2021-01-08 19:28:30,914 - root - INFO - Moving Service 8_36 from 89 to 46 node
2021-01-08 19:28:30,915 - root - INFO - Moving Service 9_43 from 95 to 152 node
2021-01-08 19:28:30,919 - root - INFO - Moving Service 9_40 from 38 to 25 node
2021-01-08 19:28:30,920 - root - INFO - Moving Service 4_13 from 40 to 63 node
2021-01-08 19:28:30,921 - root - INFO - Moving Service 4_17 from 40 to 151 node
2021-01-08 19:28:30,922 - root - INFO - Moving Service 1_5 from 46 to 123 node
2021-01-08 19:28:30,924 - root - INFO - Moving Service 5_19 from 46 to 45 node
2021-01-08 19:28:30,924 - root - INFO - Moving Service 4_11 from 85 to 8 node
2021-01-08 19:28:30,926 - root - INFO - Moving Service 0_1 from 54 to 5 node
2021-01-08 19:28:30,928 - root - INFO - Moving Service 6_32 from 74 to 78 node
2021-01-08 19:28:30,929 - root - INFO - Moving Service 7_33 from 24 to 186 node
2021-01-08 19:28:30,929 - root - INFO - Moving Service 5_24 from 56 to 162 node
2021-01-08 19:28:30,930 - root - INFO - Moving Service 4_14 from 59 to 22 node
2021-01-08 19:28:30,932 - root - INFO - Moving Service 0_0 from 62 to 33 node
2021-01-08 19:28:30,933 - root - INFO - Moving Service 0_3 from 184 to 29 node
2021-01-08 19:28:30,934 - root - INFO - Moving Service 8_38 from 184 to 22 node
2021-01-08 19:28:30,935 - root - INFO - Moving Service 0_2 from 190 to 68 node
2021-01-08 19:28:30,936 - root - INFO - Moving Service 8_37 from 190 to 128 node
2021-01-08 19:28:30,937 - root - INFO - Moving Service 6_28 from 170 to 115 node
2021-01-08 19:28:30,938 - root - INFO - Moving Service 4_12 from 180 to 78 node
2021-01-08 19:28:30,939 - root - INFO - Moving Service 6_29 from 180 to 7 node
2021-01-08 19:28:30,940 - root - INFO - Moving Service 8_35 from 156 to 192 node
2021-01-08 19:28:30,940 - root - INFO - Moving Service 9_41 from 123 to 141 node
2021-01-08 19:28:30,941 - root - INFO - Moving Service 4_18 from 147 to 7 node
2021-01-08 19:28:30,942 - root - INFO - Moving Service 9_39 from 125 to 143 node
2021-01-08 19:28:30,943 - root - INFO - Moving Service 5_26 from 182 to 99 node
2021-01-08 19:28:30,944 - root - INFO - Moving Service 9_42 from 140 to 87 node
2021-01-08 19:28:30,945 - root - INFO - Moving Service 6_31 from 131 to 60 node
2021-01-08 19:28:30,948 - root - INFO - Moving Service 1_6 from 118 to 70 node
2021-01-08 19:28:30,948 - root - INFO - Moving Service 6_27 from 197 to 184 node
2021-01-08 19:28:30,949 - root - INFO - Moving Service 7_34 from 193 to 66 node
2021-01-08 19:28:30,950 - root - INFO - Moving Service 4_16 from 199 to 36 node
2021-01-08 19:28:31,007 - root - INFO - Activating Custom Process - number 7
2021-01-08 19:28:31,009 - root - INFO - Moving Service 6_30 from 0 to 168 node
2021-01-08 19:28:31,010 - root - INFO - Moving Service 2_8 from 32 to 133 node
2021-01-08 19:28:31,011 - root - INFO - Moving Service 5_21 from 15 to 148 node
2021-01-08 19:28:31,012 - root - INFO - Moving Service 0_1 from 5 to 146 node
2021-01-08 19:28:31,013 - root - INFO - Moving Service 3_9 from 73 to 77 node
2021-01-08 19:28:31,017 - root - INFO - Moving Service 9_42 from 87 to 132 node
2021-01-08 19:28:31,018 - root - INFO - Moving Service 4_13 from 63 to 188 node
2021-01-08 19:28:31,020 - root - INFO - Moving Service 4_18 from 7 to 153 node
2021-01-08 19:28:31,022 - root - INFO - Moving Service 6_29 from 7 to 91 node
2021-01-08 19:28:31,023 - root - INFO - Moving Service 0_3 from 29 to 137 node
2021-01-08 19:28:31,025 - root - INFO - Moving Service 1_6 from 70 to 145 node
2021-01-08 19:28:31,027 - root - INFO - Moving Service 4_11 from 8 to 101 node
2021-01-08 19:28:31,028 - root - INFO - Moving Service 6_31 from 60 to 42 node
2021-01-08 19:28:31,029 - root - INFO - Moving Service 9_40 from 25 to 108 node
2021-01-08 19:28:31,031 - root - INFO - Moving Service 5_22 from 17 to 15 node
2021-01-08 19:28:31,032 - root - INFO - Moving Service 5_19 from 45 to 20 node
2021-01-08 19:28:31,033 - root - INFO - Moving Service 8_36 from 46 to 100 node
2021-01-08 19:28:31,033 - root - INFO - Moving Service 5_26 from 99 to 112 node
2021-01-08 19:28:31,035 - root - INFO - Moving Service 4_14 from 22 to 66 node
2021-01-08 19:28:31,035 - root - INFO - Moving Service 8_38 from 22 to 0 node
2021-01-08 19:28:31,036 - root - INFO - Moving Service 7_34 from 66 to 46 node
2021-01-08 19:28:31,037 - root - INFO - Moving Service 0_4 from 84 to 185 node
2021-01-08 19:28:31,038 - root - INFO - Moving Service 0_0 from 33 to 32 node
2021-01-08 19:28:31,039 - root - INFO - Moving Service 4_16 from 36 to 92 node
2021-01-08 19:28:31,040 - root - INFO - Moving Service 3_10 from 43 to 3 node
2021-01-08 19:28:31,041 - root - INFO - Moving Service 0_2 from 68 to 71 node
2021-01-08 19:28:31,043 - root - INFO - Moving Service 4_12 from 78 to 122 node
2021-01-08 19:28:31,044 - root - INFO - Moving Service 6_32 from 78 to 12 node
2021-01-08 19:28:31,045 - root - INFO - Moving Service 6_27 from 184 to 114 node
2021-01-08 19:28:31,047 - root - INFO - Moving Service 8_35 from 192 to 43 node
2021-01-08 19:28:31,048 - root - INFO - Moving Service 7_33 from 186 to 157 node
2021-01-08 19:28:31,049 - root - INFO - Moving Service 9_39 from 143 to 12 node
2021-01-08 19:28:31,050 - root - INFO - Moving Service 1_5 from 123 to 188 node
2021-01-08 19:28:31,052 - root - INFO - Moving Service 4_15 from 124 to 16 node
2021-01-08 19:28:31,052 - root - INFO - Moving Service 5_25 from 166 to 42 node
2021-01-08 19:28:31,055 - root - INFO - Moving Service 8_37 from 128 to 114 node
2021-01-08 19:28:31,055 - root - INFO - Moving Service 5_23 from 134 to 5 node
2021-01-08 19:28:31,056 - root - INFO - Moving Service 6_28 from 115 to 114 node
2021-01-08 19:28:31,057 - root - INFO - Moving Service 2_7 from 160 to 50 node
2021-01-08 19:28:31,058 - root - INFO - Moving Service 9_41 from 141 to 9 node
2021-01-08 19:28:31,060 - root - INFO - Moving Service 5_24 from 162 to 18 node
2021-01-08 19:28:31,061 - root - INFO - Moving Service 9_43 from 152 to 177 node
2021-01-08 19:28:31,062 - root - INFO - Moving Service 5_20 from 131 to 188 node
2021-01-08 19:28:31,063 - root - INFO - Moving Service 4_17 from 151 to 19 node
2021-01-08 19:28:31,118 - root - INFO - Activating Custom Process - number 8
2021-01-08 19:28:31,123 - root - INFO - Moving Service 8_38 from 0 to 113 node
2021-01-08 19:28:31,124 - root - INFO - Moving Service 0_0 from 32 to 186 node
2021-01-08 19:28:31,125 - root - INFO - Moving Service 5_22 from 15 to 106 node
2021-01-08 19:28:31,128 - root - INFO - Moving Service 5_19 from 20 to 107 node
2021-01-08 19:28:31,129 - root - INFO - Moving Service 8_36 from 100 to 50 node
2021-01-08 19:28:31,130 - root - INFO - Moving Service 3_10 from 3 to 80 node
2021-01-08 19:28:31,132 - root - INFO - Moving Service 2_7 from 50 to 30 node
2021-01-08 19:28:31,133 - root - INFO - Moving Service 5_23 from 5 to 75 node
2021-01-08 19:28:31,134 - root - INFO - Moving Service 4_16 from 92 to 193 node
2021-01-08 19:28:31,136 - root - INFO - Moving Service 5_26 from 112 to 76 node
2021-01-08 19:28:31,138 - root - INFO - Moving Service 4_15 from 16 to 59 node
2021-01-08 19:28:31,138 - root - INFO - Moving Service 4_11 from 101 to 61 node
2021-01-08 19:28:31,139 - root - INFO - Moving Service 6_32 from 12 to 106 node
2021-01-08 19:28:31,140 - root - INFO - Moving Service 9_39 from 12 to 164 node
2021-01-08 19:28:31,141 - root - INFO - Moving Service 6_29 from 91 to 11 node
2021-01-08 19:28:31,142 - root - INFO - Moving Service 9_40 from 108 to 71 node
2021-01-08 19:28:31,144 - root - INFO - Moving Service 7_34 from 46 to 150 node
2021-01-08 19:28:31,145 - root - INFO - Moving Service 9_41 from 9 to 197 node
2021-01-08 19:28:31,147 - root - INFO - Moving Service 5_24 from 18 to 37 node
2021-01-08 19:28:31,148 - root - INFO - Moving Service 4_17 from 19 to 15 node
2021-01-08 19:28:31,149 - root - INFO - Moving Service 5_25 from 42 to 67 node
2021-01-08 19:28:31,150 - root - INFO - Moving Service 6_31 from 42 to 55 node
2021-01-08 19:28:31,151 - root - INFO - Moving Service 4_14 from 66 to 153 node
2021-01-08 19:28:31,152 - root - INFO - Moving Service 8_35 from 43 to 12 node
2021-01-08 19:28:31,153 - root - INFO - Moving Service 0_2 from 71 to 83 node
2021-01-08 19:28:31,154 - root - INFO - Moving Service 3_9 from 77 to 38 node
2021-01-08 19:28:31,154 - root - INFO - Moving Service 1_5 from 188 to 74 node
2021-01-08 19:28:31,155 - root - INFO - Moving Service 4_13 from 188 to 9 node
2021-01-08 19:28:31,157 - root - INFO - Moving Service 5_20 from 188 to 78 node
2021-01-08 19:28:31,157 - root - INFO - Moving Service 1_6 from 145 to 39 node
2021-01-08 19:28:31,159 - root - INFO - Moving Service 4_18 from 153 to 157 node
2021-01-08 19:28:31,162 - root - INFO - Moving Service 9_43 from 177 to 45 node
2021-01-08 19:28:31,163 - root - INFO - Moving Service 5_21 from 148 to 164 node
2021-01-08 19:28:31,164 - root - INFO - Moving Service 7_33 from 157 to 167 node
2021-01-08 19:28:31,165 - root - INFO - Moving Service 9_42 from 132 to 86 node
2021-01-08 19:28:31,166 - root - INFO - Moving Service 6_27 from 114 to 173 node
2021-01-08 19:28:31,166 - root - INFO - Moving Service 6_28 from 114 to 53 node
2021-01-08 19:28:31,167 - root - INFO - Moving Service 8_37 from 114 to 199 node
2021-01-08 19:28:31,170 - root - INFO - Moving Service 2_8 from 133 to 184 node
2021-01-08 19:28:31,172 - root - INFO - Moving Service 0_4 from 185 to 119 node
2021-01-08 19:28:31,173 - root - INFO - Moving Service 6_30 from 168 to 171 node
2021-01-08 19:28:31,174 - root - INFO - Moving Service 4_12 from 122 to 158 node
2021-01-08 19:28:31,175 - root - INFO - Moving Service 0_3 from 137 to 177 node
2021-01-08 19:28:31,177 - root - INFO - Moving Service 0_1 from 146 to 182 node
2021-01-08 19:28:31,233 - root - INFO - Activating Custom Process - number 9
2021-01-08 19:28:31,234 - root - INFO - Moving Service 4_17 from 15 to 136 node
2021-01-08 19:28:31,235 - root - INFO - Moving Service 6_29 from 11 to 85 node
2021-01-08 19:28:31,236 - root - INFO - Moving Service 3_10 from 80 to 140 node
2021-01-08 19:28:31,237 - root - INFO - Moving Service 8_36 from 50 to 19 node
2021-01-08 19:28:31,238 - root - INFO - Moving Service 5_23 from 75 to 26 node
2021-01-08 19:28:31,239 - root - INFO - Moving Service 1_6 from 39 to 24 node
2021-01-08 19:28:31,240 - root - INFO - Moving Service 5_19 from 107 to 125 node
2021-01-08 19:28:31,242 - root - INFO - Moving Service 0_2 from 83 to 130 node
2021-01-08 19:28:31,243 - root - INFO - Moving Service 5_26 from 76 to 45 node
2021-01-08 19:28:31,244 - root - INFO - Moving Service 5_25 from 67 to 191 node
2021-01-08 19:28:31,246 - root - INFO - Moving Service 9_42 from 86 to 29 node
2021-01-08 19:28:31,247 - root - INFO - Moving Service 4_11 from 61 to 92 node
2021-01-08 19:28:31,248 - root - INFO - Moving Service 8_35 from 12 to 2 node
2021-01-08 19:28:31,249 - root - INFO - Moving Service 2_7 from 30 to 126 node
2021-01-08 19:28:31,249 - root - INFO - Moving Service 6_31 from 55 to 138 node
2021-01-08 19:28:31,250 - root - INFO - Moving Service 3_9 from 38 to 19 node
2021-01-08 19:28:31,251 - root - INFO - Moving Service 9_43 from 45 to 105 node
2021-01-08 19:28:31,252 - root - INFO - Moving Service 6_28 from 53 to 191 node
2021-01-08 19:28:31,253 - root - INFO - Moving Service 4_13 from 9 to 182 node
2021-01-08 19:28:31,256 - root - INFO - Moving Service 1_5 from 74 to 6 node
2021-01-08 19:28:31,256 - root - INFO - Moving Service 5_24 from 37 to 87 node
2021-01-08 19:28:31,258 - root - INFO - Moving Service 4_15 from 59 to 43 node
2021-01-08 19:28:31,260 - root - INFO - Moving Service 9_40 from 71 to 76 node
2021-01-08 19:28:31,262 - root - INFO - Moving Service 5_20 from 78 to 97 node
2021-01-08 19:28:31,263 - root - INFO - Moving Service 5_22 from 106 to 165 node
2021-01-08 19:28:31,264 - root - INFO - Moving Service 6_32 from 106 to 11 node
2021-01-08 19:28:31,265 - root - INFO - Moving Service 2_8 from 184 to 90 node
2021-01-08 19:28:31,266 - root - INFO - Moving Service 0_0 from 186 to 193 node
2021-01-08 19:28:31,268 - root - INFO - Moving Service 4_12 from 158 to 88 node
2021-01-08 19:28:31,269 - root - INFO - Moving Service 4_14 from 153 to 198 node
2021-01-08 19:28:31,270 - root - INFO - Moving Service 8_38 from 113 to 154 node
2021-01-08 19:28:31,271 - root - INFO - Moving Service 0_4 from 119 to 187 node
2021-01-08 19:28:31,272 - root - INFO - Moving Service 0_3 from 177 to 196 node
2021-01-08 19:28:31,273 - root - INFO - Moving Service 7_33 from 167 to 127 node
2021-01-08 19:28:31,274 - root - INFO - Moving Service 4_18 from 157 to 61 node
2021-01-08 19:28:31,275 - root - INFO - Moving Service 7_34 from 150 to 28 node
2021-01-08 19:28:31,276 - root - INFO - Moving Service 6_30 from 171 to 169 node
2021-01-08 19:28:31,279 - root - INFO - Moving Service 5_21 from 164 to 87 node
2021-01-08 19:28:31,280 - root - INFO - Moving Service 9_39 from 164 to 26 node
2021-01-08 19:28:31,281 - root - INFO - Moving Service 0_1 from 182 to 195 node
2021-01-08 19:28:31,282 - root - INFO - Moving Service 6_27 from 173 to 33 node
2021-01-08 19:28:31,283 - root - INFO - Moving Service 9_41 from 197 to 74 node
2021-01-08 19:28:31,284 - root - INFO - Moving Service 4_16 from 193 to 114 node
2021-01-08 19:28:31,286 - root - INFO - Moving Service 8_37 from 199 to 176 node
2021-01-08 19:28:31,343 - root - INFO - Activating Custom Process - number 10
2021-01-08 19:28:31,346 - root - INFO - Moving Service 8_35 from 2 to 137 node
2021-01-08 19:28:31,348 - root - INFO - Moving Service 1_5 from 6 to 80 node
2021-01-08 19:28:31,349 - root - INFO - Moving Service 6_32 from 11 to 93 node
2021-01-08 19:28:31,350 - root - INFO - Moving Service 5_21 from 87 to 92 node
2021-01-08 19:28:31,352 - root - INFO - Moving Service 5_24 from 87 to 171 node
2021-01-08 19:28:31,352 - root - INFO - Moving Service 2_8 from 90 to 49 node
2021-01-08 19:28:31,353 - root - INFO - Moving Service 4_11 from 92 to 137 node
2021-01-08 19:28:31,354 - root - INFO - Moving Service 9_40 from 76 to 8 node
2021-01-08 19:28:31,356 - root - INFO - Moving Service 9_42 from 29 to 9 node
2021-01-08 19:28:31,357 - root - INFO - Moving Service 5_20 from 97 to 46 node
2021-01-08 19:28:31,358 - root - INFO - Moving Service 4_12 from 88 to 33 node
2021-01-08 19:28:31,359 - root - INFO - Moving Service 4_18 from 61 to 96 node
2021-01-08 19:28:31,361 - root - INFO - Moving Service 5_23 from 26 to 60 node
2021-01-08 19:28:31,361 - root - INFO - Moving Service 9_39 from 26 to 14 node
2021-01-08 19:28:31,362 - root - INFO - Moving Service 7_34 from 28 to 99 node
2021-01-08 19:28:31,364 - root - INFO - Moving Service 5_26 from 45 to 161 node
2021-01-08 19:28:31,364 - root - INFO - Moving Service 6_29 from 85 to 118 node
2021-01-08 19:28:31,366 - root - INFO - Moving Service 3_9 from 19 to 55 node
2021-01-08 19:28:31,368 - root - INFO - Moving Service 8_36 from 19 to 54 node
2021-01-08 19:28:31,369 - root - INFO - Moving Service 9_41 from 74 to 106 node
2021-01-08 19:28:31,370 - root - INFO - Moving Service 9_43 from 105 to 134 node
2021-01-08 19:28:31,371 - root - INFO - Moving Service 1_6 from 24 to 161 node
2021-01-08 19:28:31,372 - root - INFO - Moving Service 6_27 from 33 to 175 node
2021-01-08 19:28:31,373 - root - INFO - Moving Service 4_15 from 43 to 175 node
2021-01-08 19:28:31,374 - root - INFO - Moving Service 0_2 from 130 to 13 node
2021-01-08 19:28:31,375 - root - INFO - Moving Service 8_38 from 154 to 93 node
2021-01-08 19:28:31,376 - root - INFO - Moving Service 6_31 from 138 to 64 node
2021-01-08 19:28:31,378 - root - INFO - Moving Service 5_22 from 165 to 134 node
2021-01-08 19:28:31,379 - root - INFO - Moving Service 4_17 from 136 to 112 node
2021-01-08 19:28:31,380 - root - INFO - Moving Service 2_7 from 126 to 85 node
2021-01-08 19:28:31,381 - root - INFO - Moving Service 0_4 from 187 to 35 node
2021-01-08 19:28:31,382 - root - INFO - Moving Service 5_25 from 191 to 81 node
2021-01-08 19:28:31,382 - root - INFO - Moving Service 6_28 from 191 to 123 node
2021-01-08 19:28:31,384 - root - INFO - Moving Service 8_37 from 176 to 167 node
2021-01-08 19:28:31,385 - root - INFO - Moving Service 4_16 from 114 to 1 node
2021-01-08 19:28:31,385 - root - INFO - Moving Service 5_19 from 125 to 169 node
2021-01-08 19:28:31,387 - root - INFO - Moving Service 4_13 from 182 to 181 node
2021-01-08 19:28:31,388 - root - INFO - Moving Service 3_10 from 140 to 104 node
2021-01-08 19:28:31,389 - root - INFO - Moving Service 7_33 from 127 to 74 node
2021-01-08 19:28:31,389 - root - INFO - Moving Service 6_30 from 169 to 4 node
2021-01-08 19:28:31,390 - root - INFO - Moving Service 0_1 from 195 to 153 node
2021-01-08 19:28:31,391 - root - INFO - Moving Service 0_0 from 193 to 125 node
2021-01-08 19:28:31,393 - root - INFO - Moving Service 0_3 from 196 to 96 node
2021-01-08 19:28:31,394 - root - INFO - Moving Service 4_14 from 198 to 6 node
2021-01-08 19:28:31,446 - root - INFO - Activating Custom Process - number 11
2021-01-08 19:28:31,447 - root - INFO - Moving Service 0_4 from 35 to 139 node
2021-01-08 19:28:31,448 - root - INFO - Moving Service 6_30 from 4 to 119 node
2021-01-08 19:28:31,449 - root - INFO - Moving Service 4_14 from 6 to 169 node
2021-01-08 19:28:31,451 - root - INFO - Moving Service 9_39 from 14 to 160 node
2021-01-08 19:28:31,452 - root - INFO - Moving Service 4_16 from 1 to 7 node
2021-01-08 19:28:31,453 - root - INFO - Moving Service 0_3 from 96 to 80 node
2021-01-08 19:28:31,454 - root - INFO - Moving Service 4_18 from 96 to 22 node
2021-01-08 19:28:31,455 - root - INFO - Moving Service 1_5 from 80 to 28 node
2021-01-08 19:28:31,456 - root - INFO - Moving Service 5_21 from 92 to 97 node
2021-01-08 19:28:31,457 - root - INFO - Moving Service 3_10 from 104 to 55 node
2021-01-08 19:28:31,458 - root - INFO - Moving Service 4_17 from 112 to 4 node
2021-01-08 19:28:31,459 - root - INFO - Moving Service 9_40 from 8 to 29 node
2021-01-08 19:28:31,460 - root - INFO - Moving Service 5_23 from 60 to 116 node
2021-01-08 19:28:31,461 - root - INFO - Moving Service 0_2 from 13 to 115 node
2021-01-08 19:28:31,463 - root - INFO - Moving Service 3_9 from 55 to 150 node
2021-01-08 19:28:31,463 - root - INFO - Moving Service 6_32 from 93 to 29 node
2021-01-08 19:28:31,464 - root - INFO - Moving Service 8_38 from 93 to 162 node
2021-01-08 19:28:31,465 - root - INFO - Moving Service 5_20 from 46 to 80 node
2021-01-08 19:28:31,466 - root - INFO - Moving Service 2_7 from 85 to 71 node
2021-01-08 19:28:31,467 - root - INFO - Moving Service 7_34 from 99 to 135 node
2021-01-08 19:28:31,468 - root - INFO - Moving Service 9_42 from 9 to 5 node
2021-01-08 19:28:31,469 - root - INFO - Moving Service 8_36 from 54 to 124 node
2021-01-08 19:28:31,471 - root - INFO - Moving Service 6_31 from 64 to 125 node
2021-01-08 19:28:31,471 - root - INFO - Moving Service 7_33 from 74 to 186 node
2021-01-08 19:28:31,472 - root - INFO - Moving Service 5_25 from 81 to 141 node
2021-01-08 19:28:31,473 - root - INFO - Moving Service 4_12 from 33 to 104 node
2021-01-08 19:28:31,474 - root - INFO - Moving Service 2_8 from 49 to 121 node
2021-01-08 19:28:31,475 - root - INFO - Moving Service 9_41 from 106 to 171 node
2021-01-08 19:28:31,477 - root - INFO - Moving Service 0_1 from 153 to 15 node
2021-01-08 19:28:31,478 - root - INFO - Moving Service 8_37 from 167 to 89 node
2021-01-08 19:28:31,479 - root - INFO - Moving Service 6_28 from 123 to 54 node
2021-01-08 19:28:31,480 - root - INFO - Moving Service 5_24 from 171 to 146 node
2021-01-08 19:28:31,481 - root - INFO - Moving Service 0_0 from 125 to 169 node
2021-01-08 19:28:31,482 - root - INFO - Moving Service 4_13 from 181 to 27 node
2021-01-08 19:28:31,483 - root - INFO - Moving Service 4_15 from 175 to 6 node
2021-01-08 19:28:31,484 - root - INFO - Moving Service 6_27 from 175 to 125 node
2021-01-08 19:28:31,485 - root - INFO - Moving Service 5_22 from 134 to 14 node
2021-01-08 19:28:31,487 - root - INFO - Moving Service 9_43 from 134 to 154 node
2021-01-08 19:28:31,490 - root - INFO - Moving Service 4_11 from 137 to 51 node
2021-01-08 19:28:31,491 - root - INFO - Moving Service 8_35 from 137 to 81 node
2021-01-08 19:28:31,494 - root - INFO - Moving Service 1_6 from 161 to 46 node
2021-01-08 19:28:31,494 - root - INFO - Moving Service 5_26 from 161 to 134 node
2021-01-08 19:28:31,495 - root - INFO - Moving Service 5_19 from 169 to 104 node
2021-01-08 19:28:31,496 - root - INFO - Moving Service 6_29 from 118 to 186 node
2021-01-08 19:28:31,548 - root - INFO - Activating Custom Process - number 12
2021-01-08 19:28:31,550 - root - INFO - Moving Service 4_15 from 6 to 17 node
2021-01-08 19:28:31,551 - root - INFO - Moving Service 5_22 from 14 to 131 node
2021-01-08 19:28:31,552 - root - INFO - Moving Service 0_1 from 15 to 109 node
2021-01-08 19:28:31,553 - root - INFO - Moving Service 0_3 from 80 to 91 node
2021-01-08 19:28:31,554 - root - INFO - Moving Service 5_20 from 80 to 122 node
2021-01-08 19:28:31,555 - root - INFO - Moving Service 4_11 from 51 to 122 node
2021-01-08 19:28:31,557 - root - INFO - Moving Service 9_42 from 5 to 132 node
2021-01-08 19:28:31,558 - root - INFO - Moving Service 4_16 from 7 to 160 node
2021-01-08 19:28:31,559 - root - INFO - Moving Service 4_12 from 104 to 198 node
2021-01-08 19:28:31,560 - root - INFO - Moving Service 5_19 from 104 to 46 node
2021-01-08 19:28:31,561 - root - INFO - Moving Service 6_32 from 29 to 115 node
2021-01-08 19:28:31,562 - root - INFO - Moving Service 9_40 from 29 to 193 node
2021-01-08 19:28:31,565 - root - INFO - Moving Service 5_21 from 97 to 60 node
2021-01-08 19:28:31,565 - root - INFO - Moving Service 1_5 from 28 to 193 node
2021-01-08 19:28:31,566 - root - INFO - Moving Service 3_10 from 55 to 170 node
2021-01-08 19:28:31,567 - root - INFO - Moving Service 8_37 from 89 to 136 node
2021-01-08 19:28:31,568 - root - INFO - Moving Service 1_6 from 46 to 54 node
2021-01-08 19:28:31,570 - root - INFO - Moving Service 4_18 from 22 to 33 node
2021-01-08 19:28:31,570 - root - INFO - Moving Service 6_28 from 54 to 89 node
2021-01-08 19:28:31,571 - root - INFO - Moving Service 8_35 from 81 to 60 node
2021-01-08 19:28:31,572 - root - INFO - Moving Service 4_13 from 27 to 73 node
2021-01-08 19:28:31,574 - root - INFO - Moving Service 2_7 from 71 to 179 node
2021-01-08 19:28:31,575 - root - INFO - Moving Service 6_29 from 186 to 22 node
2021-01-08 19:28:31,576 - root - INFO - Moving Service 7_33 from 186 to 34 node
2021-01-08 19:28:31,577 - root - INFO - Moving Service 9_43 from 154 to 163 node
2021-01-08 19:28:31,578 - root - INFO - Moving Service 6_30 from 119 to 140 node
2021-01-08 19:28:31,579 - root - INFO - Moving Service 3_9 from 150 to 129 node
2021-01-08 19:28:31,580 - root - INFO - Moving Service 7_34 from 135 to 180 node
2021-01-08 19:28:31,582 - root - INFO - Moving Service 9_41 from 171 to 122 node
2021-01-08 19:28:31,584 - root - INFO - Moving Service 2_8 from 121 to 74 node
2021-01-08 19:28:31,585 - root - INFO - Moving Service 8_36 from 124 to 112 node
2021-01-08 19:28:31,586 - root - INFO - Moving Service 6_27 from 125 to 76 node
2021-01-08 19:28:31,587 - root - INFO - Moving Service 6_31 from 125 to 22 node
2021-01-08 19:28:31,588 - root - INFO - Moving Service 0_4 from 139 to 118 node
2021-01-08 19:28:31,589 - root - INFO - Moving Service 5_26 from 134 to 65 node
2021-01-08 19:28:31,590 - root - INFO - Moving Service 0_2 from 115 to 191 node
2021-01-08 19:28:31,590 - root - INFO - Moving Service 9_39 from 160 to 100 node
2021-01-08 19:28:31,593 - root - INFO - Moving Service 5_25 from 141 to 179 node
2021-01-08 19:28:31,594 - root - INFO - Moving Service 8_38 from 162 to 76 node
2021-01-08 19:28:31,594 - root - INFO - Moving Service 0_0 from 169 to 64 node
2021-01-08 19:28:31,595 - root - INFO - Moving Service 4_14 from 169 to 84 node
2021-01-08 19:28:31,597 - root - INFO - Moving Service 5_24 from 146 to 46 node
2021-01-08 19:28:31,598 - root - INFO - Moving Service 5_23 from 116 to 125 node
2021-01-08 19:28:31,651 - root - INFO - Activating Custom Process - number 13
2021-01-08 19:28:31,652 - root - INFO - Moving Service 5_26 from 65 to 170 node
2021-01-08 19:28:31,654 - root - INFO - Moving Service 4_17 from 4 to 29 node
2021-01-08 19:28:31,656 - root - INFO - Moving Service 0_1 from 109 to 3 node
2021-01-08 19:28:31,657 - root - INFO - Moving Service 9_39 from 100 to 175 node
2021-01-08 19:28:31,658 - root - INFO - Moving Service 4_13 from 73 to 166 node
2021-01-08 19:28:31,660 - root - INFO - Moving Service 6_27 from 76 to 44 node
2021-01-08 19:28:31,661 - root - INFO - Moving Service 8_38 from 76 to 132 node
2021-01-08 19:28:31,663 - root - INFO - Moving Service 8_36 from 112 to 72 node
2021-01-08 19:28:31,664 - root - INFO - Moving Service 5_21 from 60 to 138 node
2021-01-08 19:28:31,665 - root - INFO - Moving Service 8_35 from 60 to 181 node
2021-01-08 19:28:31,666 - root - INFO - Moving Service 7_33 from 34 to 156 node
2021-01-08 19:28:31,668 - root - INFO - Moving Service 6_28 from 89 to 171 node
2021-01-08 19:28:31,670 - root - INFO - Moving Service 0_3 from 91 to 33 node
2021-01-08 19:28:31,671 - root - INFO - Moving Service 4_15 from 17 to 197 node
2021-01-08 19:28:31,672 - root - INFO - Moving Service 5_19 from 46 to 78 node
2021-01-08 19:28:31,673 - root - INFO - Moving Service 5_24 from 46 to 108 node
2021-01-08 19:28:31,674 - root - INFO - Moving Service 6_29 from 22 to 98 node
2021-01-08 19:28:31,676 - root - INFO - Moving Service 6_31 from 22 to 40 node
2021-01-08 19:28:31,677 - root - INFO - Moving Service 1_6 from 54 to 2 node
2021-01-08 19:28:31,678 - root - INFO - Moving Service 0_0 from 64 to 71 node
2021-01-08 19:28:31,679 - root - INFO - Moving Service 2_8 from 74 to 199 node
2021-01-08 19:28:31,680 - root - INFO - Moving Service 4_14 from 84 to 162 node
2021-01-08 19:28:31,681 - root - INFO - Moving Service 4_18 from 33 to 38 node
2021-01-08 19:28:31,682 - root - INFO - Moving Service 8_37 from 136 to 93 node
2021-01-08 19:28:31,682 - root - INFO - Moving Service 3_10 from 170 to 177 node
2021-01-08 19:28:31,685 - root - INFO - Moving Service 7_34 from 180 to 143 node
2021-01-08 19:28:31,686 - root - INFO - Moving Service 2_7 from 179 to 126 node
2021-01-08 19:28:31,687 - root - INFO - Moving Service 5_25 from 179 to 9 node
2021-01-08 19:28:31,689 - root - INFO - Moving Service 9_42 from 132 to 54 node
2021-01-08 19:28:31,690 - root - INFO - Moving Service 0_2 from 191 to 8 node
2021-01-08 19:28:31,691 - root - INFO - Moving Service 9_43 from 163 to 137 node
2021-01-08 19:28:31,693 - root - INFO - Moving Service 5_23 from 125 to 77 node
2021-01-08 19:28:31,694 - root - INFO - Moving Service 6_30 from 140 to 63 node
2021-01-08 19:28:31,695 - root - INFO - Moving Service 4_11 from 122 to 32 node
2021-01-08 19:28:31,696 - root - INFO - Moving Service 5_20 from 122 to 151 node
2021-01-08 19:28:31,697 - root - INFO - Moving Service 9_41 from 122 to 165 node
2021-01-08 19:28:31,698 - root - INFO - Moving Service 6_32 from 115 to 76 node
2021-01-08 19:28:31,699 - root - INFO - Moving Service 4_16 from 160 to 139 node
2021-01-08 19:28:31,700 - root - INFO - Moving Service 3_9 from 129 to 160 node
2021-01-08 19:28:31,701 - root - INFO - Moving Service 5_22 from 131 to 179 node
2021-01-08 19:28:31,703 - root - INFO - Moving Service 0_4 from 118 to 33 node
2021-01-08 19:28:31,705 - root - INFO - Moving Service 1_5 from 193 to 84 node
2021-01-08 19:28:31,706 - root - INFO - Moving Service 9_40 from 193 to 158 node
2021-01-08 19:28:31,707 - root - INFO - Moving Service 4_12 from 198 to 14 node
2021-01-08 19:28:31,760 - root - INFO - Activating Custom Process - number 14
2021-01-08 19:28:31,761 - root - INFO - Moving Service 4_11 from 32 to 17 node
2021-01-08 19:28:31,762 - root - INFO - Moving Service 1_6 from 2 to 89 node
2021-01-08 19:28:31,763 - root - INFO - Moving Service 4_12 from 14 to 78 node
2021-01-08 19:28:31,765 - root - INFO - Moving Service 0_1 from 3 to 197 node
2021-01-08 19:28:31,766 - root - INFO - Moving Service 8_36 from 72 to 198 node
2021-01-08 19:28:31,767 - root - INFO - Moving Service 6_30 from 63 to 81 node
2021-01-08 19:28:31,768 - root - INFO - Moving Service 6_32 from 76 to 164 node
2021-01-08 19:28:31,770 - root - INFO - Moving Service 6_27 from 44 to 19 node
2021-01-08 19:28:31,770 - root - INFO - Moving Service 4_17 from 29 to 52 node
2021-01-08 19:28:31,771 - root - INFO - Moving Service 0_2 from 8 to 85 node
2021-01-08 19:28:31,772 - root - INFO - Moving Service 8_37 from 93 to 103 node
2021-01-08 19:28:31,773 - root - INFO - Moving Service 5_24 from 108 to 113 node
2021-01-08 19:28:31,774 - root - INFO - Moving Service 4_18 from 38 to 65 node
2021-01-08 19:28:31,776 - root - INFO - Moving Service 6_31 from 40 to 193 node
2021-01-08 19:28:31,776 - root - INFO - Moving Service 6_29 from 98 to 89 node
2021-01-08 19:28:31,778 - root - INFO - Moving Service 5_25 from 9 to 86 node
2021-01-08 19:28:31,779 - root - INFO - Moving Service 9_42 from 54 to 193 node
2021-01-08 19:28:31,780 - root - INFO - Moving Service 1_5 from 84 to 43 node
2021-01-08 19:28:31,781 - root - INFO - Moving Service 0_4 from 33 to 78 node
2021-01-08 19:28:31,781 - root - INFO - Moving Service 0_0 from 71 to 198 node
2021-01-08 19:28:31,783 - root - INFO - Moving Service 5_23 from 77 to 182 node
2021-01-08 19:28:31,783 - root - INFO - Moving Service 5_19 from 78 to 125 node
2021-01-08 19:28:31,785 - root - INFO - Moving Service 9_40 from 158 to 140 node
2021-01-08 19:28:31,785 - root - INFO - Moving Service 5_21 from 138 to 36 node
2021-01-08 19:28:31,786 - root - INFO - Moving Service 9_41 from 165 to 127 node
2021-01-08 19:28:31,787 - root - INFO - Moving Service 7_34 from 143 to 14 node
2021-01-08 19:28:31,789 - root - INFO - Moving Service 5_26 from 170 to 191 node
2021-01-08 19:28:31,790 - root - INFO - Moving Service 3_10 from 177 to 178 node
2021-01-08 19:28:31,791 - root - INFO - Moving Service 7_33 from 156 to 74 node
2021-01-08 19:28:31,793 - root - INFO - Moving Service 2_7 from 126 to 187 node
2021-01-08 19:28:31,794 - root - INFO - Moving Service 5_22 from 179 to 83 node
2021-01-08 19:28:31,795 - root - INFO - Moving Service 8_38 from 132 to 179 node
2021-01-08 19:28:31,797 - root - INFO - Moving Service 6_28 from 171 to 141 node
2021-01-08 19:28:31,798 - root - INFO - Moving Service 8_35 from 181 to 38 node
2021-01-08 19:28:31,799 - root - INFO - Moving Service 4_13 from 166 to 19 node
2021-01-08 19:28:31,800 - root - INFO - Moving Service 9_39 from 175 to 6 node
2021-01-08 19:28:31,800 - root - INFO - Moving Service 4_16 from 139 to 43 node
2021-01-08 19:28:31,801 - root - INFO - Moving Service 3_9 from 160 to 145 node
2021-01-08 19:28:31,803 - root - INFO - Moving Service 9_43 from 137 to 190 node
2021-01-08 19:28:31,804 - root - INFO - Moving Service 4_14 from 162 to 90 node
2021-01-08 19:28:31,805 - root - INFO - Moving Service 5_20 from 151 to 15 node
2021-01-08 19:28:31,806 - root - INFO - Moving Service 4_15 from 197 to 80 node
2021-01-08 19:28:31,807 - root - INFO - Moving Service 2_8 from 199 to 179 node
